[0.055s] DEBUG:colcon:Command line arguments: ['/usr/bin/colcon', 'build']
[0.055s] DEBUG:colcon:Parsed command line arguments: Namespace(log_base=None, log_level=None, verb_name='build', build_base='build', install_base='install', merge_install=False, symlink_install=False, test_result_base=None, continue_on_error=False, executor='parallel', parallel_workers=2, event_handlers=None, ignore_user_meta=False, metas=['./colcon.meta'], base_paths=['.'], packages_ignore=None, packages_ignore_regex=None, paths=None, packages_up_to=None, packages_up_to_regex=None, packages_above=None, packages_above_and_dependencies=None, packages_above_depth=None, packages_select_by_dep=None, packages_skip_by_dep=None, packages_skip_up_to=None, packages_select_build_failed=False, packages_skip_build_finished=False, packages_select_test_failures=False, packages_skip_test_passed=False, packages_select=None, packages_skip=None, packages_select_regex=None, packages_skip_regex=None, packages_start=None, packages_end=None, allow_overriding=[], cmake_args=None, cmake_target=None, cmake_target_skip_unavailable=False, cmake_clean_cache=False, cmake_clean_first=False, cmake_force_configure=False, ament_cmake_args=None, catkin_cmake_args=None, catkin_skip_building_tests=False, verb_parser=<colcon_defaults.argument_parser.defaults.DefaultArgumentsDecorator object at 0xe8eeac39d400>, verb_extension=<colcon_core.verb.build.BuildVerb object at 0xe8eeac39d2e0>, main=<bound method BuildVerb.main of <colcon_core.verb.build.BuildVerb object at 0xe8eeac39d2e0>>)
[0.078s] Level 1:colcon.colcon_core.package_discovery:discover_packages(colcon_meta) check parameters
[0.078s] Level 1:colcon.colcon_core.package_discovery:discover_packages(recursive) check parameters
[0.078s] Level 1:colcon.colcon_core.package_discovery:discover_packages(ignore) check parameters
[0.078s] Level 1:colcon.colcon_core.package_discovery:discover_packages(path) check parameters
[0.078s] Level 1:colcon.colcon_core.package_discovery:discover_packages(colcon_meta) discover
[0.078s] Level 1:colcon.colcon_core.package_discovery:discover_packages(recursive) discover
[0.078s] INFO:colcon.colcon_core.package_discovery:Crawling recursively for packages in '/home/parallels/Desktop/EECE5554/LAB1/lab1_ws'
[0.078s] Level 1:colcon.colcon_core.package_identification:_identify(.) by extensions ['ignore', 'ignore_ament_install']
[0.078s] Level 1:colcon.colcon_core.package_identification:_identify(.) by extension 'ignore'
[0.078s] Level 1:colcon.colcon_core.package_identification:_identify(.) by extension 'ignore_ament_install'
[0.078s] Level 1:colcon.colcon_core.package_identification:_identify(.) by extensions ['colcon_pkg']
[0.078s] Level 1:colcon.colcon_core.package_identification:_identify(.) by extension 'colcon_pkg'
[0.078s] Level 1:colcon.colcon_core.package_identification:_identify(.) by extensions ['colcon_meta']
[0.078s] Level 1:colcon.colcon_core.package_identification:_identify(.) by extension 'colcon_meta'
[0.078s] Level 1:colcon.colcon_core.package_identification:_identify(.) by extensions ['ros']
[0.078s] Level 1:colcon.colcon_core.package_identification:_identify(.) by extension 'ros'
[0.093s] Level 1:colcon.colcon_core.package_identification:_identify(.) by extensions ['cmake', 'python']
[0.093s] Level 1:colcon.colcon_core.package_identification:_identify(.) by extension 'cmake'
[0.094s] Level 1:colcon.colcon_core.package_identification:_identify(.) by extension 'python'
[0.094s] Level 1:colcon.colcon_core.package_identification:_identify(.) by extensions ['python_setup_py']
[0.094s] Level 1:colcon.colcon_core.package_identification:_identify(.) by extension 'python_setup_py'
[0.094s] Level 1:colcon.colcon_core.package_identification:_identify(build) by extensions ['ignore', 'ignore_ament_install']
[0.094s] Level 1:colcon.colcon_core.package_identification:_identify(build) by extension 'ignore'
[0.094s] Level 1:colcon.colcon_core.package_identification:_identify(build) ignored
[0.094s] Level 1:colcon.colcon_core.package_identification:_identify(install) by extensions ['ignore', 'ignore_ament_install']
[0.094s] Level 1:colcon.colcon_core.package_identification:_identify(install) by extension 'ignore'
[0.094s] Level 1:colcon.colcon_core.package_identification:_identify(install) ignored
[0.094s] Level 1:colcon.colcon_core.package_identification:_identify(log) by extensions ['ignore', 'ignore_ament_install']
[0.094s] Level 1:colcon.colcon_core.package_identification:_identify(log) by extension 'ignore'
[0.094s] Level 1:colcon.colcon_core.package_identification:_identify(log) ignored
[0.094s] Level 1:colcon.colcon_core.package_identification:_identify(src) by extensions ['ignore', 'ignore_ament_install']
[0.094s] Level 1:colcon.colcon_core.package_identification:_identify(src) by extension 'ignore'
[0.094s] Level 1:colcon.colcon_core.package_identification:_identify(src) by extension 'ignore_ament_install'
[0.094s] Level 1:colcon.colcon_core.package_identification:_identify(src) by extensions ['colcon_pkg']
[0.094s] Level 1:colcon.colcon_core.package_identification:_identify(src) by extension 'colcon_pkg'
[0.094s] Level 1:colcon.colcon_core.package_identification:_identify(src) by extensions ['colcon_meta']
[0.094s] Level 1:colcon.colcon_core.package_identification:_identify(src) by extension 'colcon_meta'
[0.094s] Level 1:colcon.colcon_core.package_identification:_identify(src) by extensions ['ros']
[0.094s] Level 1:colcon.colcon_core.package_identification:_identify(src) by extension 'ros'
[0.094s] Level 1:colcon.colcon_core.package_identification:_identify(src) by extensions ['cmake', 'python']
[0.094s] Level 1:colcon.colcon_core.package_identification:_identify(src) by extension 'cmake'
[0.094s] Level 1:colcon.colcon_core.package_identification:_identify(src) by extension 'python'
[0.094s] Level 1:colcon.colcon_core.package_identification:_identify(src) by extensions ['python_setup_py']
[0.094s] Level 1:colcon.colcon_core.package_identification:_identify(src) by extension 'python_setup_py'
[0.094s] Level 1:colcon.colcon_core.package_identification:_identify(src/gps_driver) by extensions ['ignore', 'ignore_ament_install']
[0.094s] Level 1:colcon.colcon_core.package_identification:_identify(src/gps_driver) by extension 'ignore'
[0.094s] Level 1:colcon.colcon_core.package_identification:_identify(src/gps_driver) by extension 'ignore_ament_install'
[0.094s] Level 1:colcon.colcon_core.package_identification:_identify(src/gps_driver) by extensions ['colcon_pkg']
[0.094s] Level 1:colcon.colcon_core.package_identification:_identify(src/gps_driver) by extension 'colcon_pkg'
[0.094s] Level 1:colcon.colcon_core.package_identification:_identify(src/gps_driver) by extensions ['colcon_meta']
[0.094s] Level 1:colcon.colcon_core.package_identification:_identify(src/gps_driver) by extension 'colcon_meta'
[0.094s] Level 1:colcon.colcon_core.package_identification:_identify(src/gps_driver) by extensions ['ros']
[0.094s] Level 1:colcon.colcon_core.package_identification:_identify(src/gps_driver) by extension 'ros'
[0.096s] DEBUG:colcon.colcon_core.package_identification:Package 'src/gps_driver' with type 'ros.ament_python' and name 'gps_driver'
[0.096s] Level 1:colcon.colcon_core.package_identification:_identify(src/gps_driver_interfaces) by extensions ['ignore', 'ignore_ament_install']
[0.096s] Level 1:colcon.colcon_core.package_identification:_identify(src/gps_driver_interfaces) by extension 'ignore'
[0.096s] Level 1:colcon.colcon_core.package_identification:_identify(src/gps_driver_interfaces) by extension 'ignore_ament_install'
[0.096s] Level 1:colcon.colcon_core.package_identification:_identify(src/gps_driver_interfaces) by extensions ['colcon_pkg']
[0.096s] Level 1:colcon.colcon_core.package_identification:_identify(src/gps_driver_interfaces) by extension 'colcon_pkg'
[0.096s] Level 1:colcon.colcon_core.package_identification:_identify(src/gps_driver_interfaces) by extensions ['colcon_meta']
[0.096s] Level 1:colcon.colcon_core.package_identification:_identify(src/gps_driver_interfaces) by extension 'colcon_meta'
[0.096s] Level 1:colcon.colcon_core.package_identification:_identify(src/gps_driver_interfaces) by extensions ['ros']
[0.096s] Level 1:colcon.colcon_core.package_identification:_identify(src/gps_driver_interfaces) by extension 'ros'
[0.096s] DEBUG:colcon.colcon_core.package_identification:Package 'src/gps_driver_interfaces' with type 'ros.ament_cmake' and name 'gps_driver_interfaces'
[0.096s] Level 1:colcon.colcon_core.package_discovery:discover_packages(recursive) using defaults
[0.096s] Level 1:colcon.colcon_core.package_discovery:discover_packages(ignore) discover
[0.096s] Level 1:colcon.colcon_core.package_discovery:discover_packages(ignore) using defaults
[0.096s] Level 1:colcon.colcon_core.package_discovery:discover_packages(path) discover
[0.096s] Level 1:colcon.colcon_core.package_discovery:discover_packages(path) using defaults
[0.107s] Level 1:colcon.colcon_core.package_discovery:discover_packages(prefix_path) check parameters
[0.107s] Level 1:colcon.colcon_core.package_discovery:discover_packages(prefix_path) discover
[0.108s] DEBUG:colcon.colcon_installed_package_information.package_discovery:Found 286 installed packages in /opt/ros/jazzy
[0.108s] Level 1:colcon.colcon_core.package_discovery:discover_packages(prefix_path) using defaults
[0.131s] Level 5:colcon.colcon_core.verb:set package 'gps_driver_interfaces' build argument 'cmake_args' from command line to 'None'
[0.131s] Level 5:colcon.colcon_core.verb:set package 'gps_driver_interfaces' build argument 'cmake_target' from command line to 'None'
[0.131s] Level 5:colcon.colcon_core.verb:set package 'gps_driver_interfaces' build argument 'cmake_target_skip_unavailable' from command line to 'False'
[0.131s] Level 5:colcon.colcon_core.verb:set package 'gps_driver_interfaces' build argument 'cmake_clean_cache' from command line to 'False'
[0.131s] Level 5:colcon.colcon_core.verb:set package 'gps_driver_interfaces' build argument 'cmake_clean_first' from command line to 'False'
[0.131s] Level 5:colcon.colcon_core.verb:set package 'gps_driver_interfaces' build argument 'cmake_force_configure' from command line to 'False'
[0.131s] Level 5:colcon.colcon_core.verb:set package 'gps_driver_interfaces' build argument 'ament_cmake_args' from command line to 'None'
[0.131s] Level 5:colcon.colcon_core.verb:set package 'gps_driver_interfaces' build argument 'catkin_cmake_args' from command line to 'None'
[0.131s] Level 5:colcon.colcon_core.verb:set package 'gps_driver_interfaces' build argument 'catkin_skip_building_tests' from command line to 'False'
[0.131s] DEBUG:colcon.colcon_core.verb:Building package 'gps_driver_interfaces' with the following arguments: {'ament_cmake_args': None, 'build_base': '/home/parallels/Desktop/EECE5554/LAB1/lab1_ws/build/gps_driver_interfaces', 'catkin_cmake_args': None, 'catkin_skip_building_tests': False, 'cmake_args': None, 'cmake_clean_cache': False, 'cmake_clean_first': False, 'cmake_force_configure': False, 'cmake_target': None, 'cmake_target_skip_unavailable': False, 'install_base': '/home/parallels/Desktop/EECE5554/LAB1/lab1_ws/install/gps_driver_interfaces', 'merge_install': False, 'path': '/home/parallels/Desktop/EECE5554/LAB1/lab1_ws/src/gps_driver_interfaces', 'symlink_install': False, 'test_result_base': None}
[0.131s] Level 5:colcon.colcon_core.verb:set package 'gps_driver' build argument 'cmake_args' from command line to 'None'
[0.131s] Level 5:colcon.colcon_core.verb:set package 'gps_driver' build argument 'cmake_target' from command line to 'None'
[0.131s] Level 5:colcon.colcon_core.verb:set package 'gps_driver' build argument 'cmake_target_skip_unavailable' from command line to 'False'
[0.131s] Level 5:colcon.colcon_core.verb:set package 'gps_driver' build argument 'cmake_clean_cache' from command line to 'False'
[0.131s] Level 5:colcon.colcon_core.verb:set package 'gps_driver' build argument 'cmake_clean_first' from command line to 'False'
[0.131s] Level 5:colcon.colcon_core.verb:set package 'gps_driver' build argument 'cmake_force_configure' from command line to 'False'
[0.131s] Level 5:colcon.colcon_core.verb:set package 'gps_driver' build argument 'ament_cmake_args' from command line to 'None'
[0.131s] Level 5:colcon.colcon_core.verb:set package 'gps_driver' build argument 'catkin_cmake_args' from command line to 'None'
[0.131s] Level 5:colcon.colcon_core.verb:set package 'gps_driver' build argument 'catkin_skip_building_tests' from command line to 'False'
[0.131s] DEBUG:colcon.colcon_core.verb:Building package 'gps_driver' with the following arguments: {'ament_cmake_args': None, 'build_base': '/home/parallels/Desktop/EECE5554/LAB1/lab1_ws/build/gps_driver', 'catkin_cmake_args': None, 'catkin_skip_building_tests': False, 'cmake_args': None, 'cmake_clean_cache': False, 'cmake_clean_first': False, 'cmake_force_configure': False, 'cmake_target': None, 'cmake_target_skip_unavailable': False, 'install_base': '/home/parallels/Desktop/EECE5554/LAB1/lab1_ws/install/gps_driver', 'merge_install': False, 'path': '/home/parallels/Desktop/EECE5554/LAB1/lab1_ws/src/gps_driver', 'symlink_install': False, 'test_result_base': None}
[0.131s] INFO:colcon.colcon_core.executor:Executing jobs using 'parallel' executor
[0.132s] DEBUG:colcon.colcon_parallel_executor.executor.parallel:run_until_complete
[0.132s] INFO:colcon.colcon_ros.task.ament_cmake.build:Building ROS package in '/home/parallels/Desktop/EECE5554/LAB1/lab1_ws/src/gps_driver_interfaces' with build type 'ament_cmake'
[0.132s] INFO:colcon.colcon_cmake.task.cmake.build:Building CMake package in '/home/parallels/Desktop/EECE5554/LAB1/lab1_ws/src/gps_driver_interfaces'
[0.134s] INFO:colcon.colcon_core.plugin_system:Skipping extension 'colcon_core.shell.bat': Not used on non-Windows systems
[0.134s] INFO:colcon.colcon_core.shell:Skip shell extension 'powershell' for command environment: Not usable outside of PowerShell
[0.134s] DEBUG:colcon.colcon_core.shell:Skip shell extension 'dsv' for command environment
[0.140s] DEBUG:colcon.colcon_core.event_handler.log_command:Invoking command in '/home/parallels/Desktop/EECE5554/LAB1/lab1_ws/build/gps_driver_interfaces': CMAKE_PREFIX_PATH=${CMAKE_PREFIX_PATH}:/opt/ros/jazzy DEBUGINFOD_URLS=https://debuginfod.ubuntu.com /usr/bin/cmake /home/parallels/Desktop/EECE5554/LAB1/lab1_ws/src/gps_driver_interfaces -DCMAKE_INSTALL_PREFIX=/home/parallels/Desktop/EECE5554/LAB1/lab1_ws/install/gps_driver_interfaces
[2.045s] DEBUG:colcon.colcon_core.event_handler.log_command:Invoked command in '/home/parallels/Desktop/EECE5554/LAB1/lab1_ws/build/gps_driver_interfaces' returned '0': CMAKE_PREFIX_PATH=${CMAKE_PREFIX_PATH}:/opt/ros/jazzy DEBUGINFOD_URLS=https://debuginfod.ubuntu.com /usr/bin/cmake /home/parallels/Desktop/EECE5554/LAB1/lab1_ws/src/gps_driver_interfaces -DCMAKE_INSTALL_PREFIX=/home/parallels/Desktop/EECE5554/LAB1/lab1_ws/install/gps_driver_interfaces
[2.046s] DEBUG:colcon.colcon_core.event_handler.log_command:Invoking command in '/home/parallels/Desktop/EECE5554/LAB1/lab1_ws/build/gps_driver_interfaces': CMAKE_PREFIX_PATH=${CMAKE_PREFIX_PATH}:/opt/ros/jazzy DEBUGINFOD_URLS=https://debuginfod.ubuntu.com /usr/bin/cmake --build /home/parallels/Desktop/EECE5554/LAB1/lab1_ws/build/gps_driver_interfaces -- -j2 -l2
[4.124s] DEBUG:colcon.colcon_core.event_handler.log_command:Invoked command in '/home/parallels/Desktop/EECE5554/LAB1/lab1_ws/build/gps_driver_interfaces' returned '0': CMAKE_PREFIX_PATH=${CMAKE_PREFIX_PATH}:/opt/ros/jazzy DEBUGINFOD_URLS=https://debuginfod.ubuntu.com /usr/bin/cmake --build /home/parallels/Desktop/EECE5554/LAB1/lab1_ws/build/gps_driver_interfaces -- -j2 -l2
[4.129s] DEBUG:colcon.colcon_core.event_handler.log_command:Invoking command in '/home/parallels/Desktop/EECE5554/LAB1/lab1_ws/build/gps_driver_interfaces': CMAKE_PREFIX_PATH=${CMAKE_PREFIX_PATH}:/opt/ros/jazzy DEBUGINFOD_URLS=https://debuginfod.ubuntu.com /usr/bin/cmake --install /home/parallels/Desktop/EECE5554/LAB1/lab1_ws/build/gps_driver_interfaces
[4.176s] Level 1:colcon.colcon_core.environment:create_environment_scripts_only(gps_driver_interfaces)
[4.177s] Level 1:colcon.colcon_core.environment:checking '/home/parallels/Desktop/EECE5554/LAB1/lab1_ws/install/gps_driver_interfaces' for CMake module files
[4.176s] DEBUG:colcon.colcon_core.event_handler.log_command:Invoked command in '/home/parallels/Desktop/EECE5554/LAB1/lab1_ws/build/gps_driver_interfaces' returned '0': CMAKE_PREFIX_PATH=${CMAKE_PREFIX_PATH}:/opt/ros/jazzy DEBUGINFOD_URLS=https://debuginfod.ubuntu.com /usr/bin/cmake --install /home/parallels/Desktop/EECE5554/LAB1/lab1_ws/build/gps_driver_interfaces
[4.178s] Level 1:colcon.colcon_core.environment:checking '/home/parallels/Desktop/EECE5554/LAB1/lab1_ws/install/gps_driver_interfaces' for CMake config files
[4.178s] Level 1:colcon.colcon_core.shell:create_environment_hook('gps_driver_interfaces', 'cmake_prefix_path')
[4.178s] INFO:colcon.colcon_core.shell:Creating environment hook '/home/parallels/Desktop/EECE5554/LAB1/lab1_ws/install/gps_driver_interfaces/share/gps_driver_interfaces/hook/cmake_prefix_path.ps1'
[4.178s] INFO:colcon.colcon_core.shell:Creating environment descriptor '/home/parallels/Desktop/EECE5554/LAB1/lab1_ws/install/gps_driver_interfaces/share/gps_driver_interfaces/hook/cmake_prefix_path.dsv'
[4.179s] INFO:colcon.colcon_core.shell:Creating environment hook '/home/parallels/Desktop/EECE5554/LAB1/lab1_ws/install/gps_driver_interfaces/share/gps_driver_interfaces/hook/cmake_prefix_path.sh'
[4.179s] Level 1:colcon.colcon_core.environment:checking '/home/parallels/Desktop/EECE5554/LAB1/lab1_ws/install/gps_driver_interfaces/lib'
[4.179s] Level 1:colcon.colcon_core.shell:create_environment_hook('gps_driver_interfaces', 'ld_library_path_lib')
[4.179s] INFO:colcon.colcon_core.shell:Creating environment hook '/home/parallels/Desktop/EECE5554/LAB1/lab1_ws/install/gps_driver_interfaces/share/gps_driver_interfaces/hook/ld_library_path_lib.ps1'
[4.179s] INFO:colcon.colcon_core.shell:Creating environment descriptor '/home/parallels/Desktop/EECE5554/LAB1/lab1_ws/install/gps_driver_interfaces/share/gps_driver_interfaces/hook/ld_library_path_lib.dsv'
[4.179s] INFO:colcon.colcon_core.shell:Creating environment hook '/home/parallels/Desktop/EECE5554/LAB1/lab1_ws/install/gps_driver_interfaces/share/gps_driver_interfaces/hook/ld_library_path_lib.sh'
[4.180s] Level 1:colcon.colcon_core.environment:checking '/home/parallels/Desktop/EECE5554/LAB1/lab1_ws/install/gps_driver_interfaces/bin'
[4.180s] Level 1:colcon.colcon_core.environment:checking '/home/parallels/Desktop/EECE5554/LAB1/lab1_ws/install/gps_driver_interfaces/lib/pkgconfig/gps_driver_interfaces.pc'
[4.180s] Level 1:colcon.colcon_core.environment:checking '/home/parallels/Desktop/EECE5554/LAB1/lab1_ws/install/gps_driver_interfaces/lib/python3.12/site-packages'
[4.180s] Level 1:colcon.colcon_core.shell:create_environment_hook('gps_driver_interfaces', 'pythonpath')
[4.180s] INFO:colcon.colcon_core.shell:Creating environment hook '/home/parallels/Desktop/EECE5554/LAB1/lab1_ws/install/gps_driver_interfaces/share/gps_driver_interfaces/hook/pythonpath.ps1'
[4.180s] INFO:colcon.colcon_core.shell:Creating environment descriptor '/home/parallels/Desktop/EECE5554/LAB1/lab1_ws/install/gps_driver_interfaces/share/gps_driver_interfaces/hook/pythonpath.dsv'
[4.180s] INFO:colcon.colcon_core.shell:Creating environment hook '/home/parallels/Desktop/EECE5554/LAB1/lab1_ws/install/gps_driver_interfaces/share/gps_driver_interfaces/hook/pythonpath.sh'
[4.180s] Level 1:colcon.colcon_core.environment:checking '/home/parallels/Desktop/EECE5554/LAB1/lab1_ws/install/gps_driver_interfaces/bin'
[4.181s] INFO:colcon.colcon_core.shell:Creating package script '/home/parallels/Desktop/EECE5554/LAB1/lab1_ws/install/gps_driver_interfaces/share/gps_driver_interfaces/package.ps1'
[4.181s] INFO:colcon.colcon_core.shell:Creating package descriptor '/home/parallels/Desktop/EECE5554/LAB1/lab1_ws/install/gps_driver_interfaces/share/gps_driver_interfaces/package.dsv'
[4.181s] INFO:colcon.colcon_core.shell:Creating package script '/home/parallels/Desktop/EECE5554/LAB1/lab1_ws/install/gps_driver_interfaces/share/gps_driver_interfaces/package.sh'
[4.181s] INFO:colcon.colcon_core.shell:Creating package script '/home/parallels/Desktop/EECE5554/LAB1/lab1_ws/install/gps_driver_interfaces/share/gps_driver_interfaces/package.bash'
[4.182s] INFO:colcon.colcon_core.shell:Creating package script '/home/parallels/Desktop/EECE5554/LAB1/lab1_ws/install/gps_driver_interfaces/share/gps_driver_interfaces/package.zsh'
[4.182s] Level 1:colcon.colcon_core.environment:create_file_with_runtime_dependencies(/home/parallels/Desktop/EECE5554/LAB1/lab1_ws/install/gps_driver_interfaces/share/colcon-core/packages/gps_driver_interfaces)
[4.182s] Level 1:colcon.colcon_core.environment:create_environment_scripts_only(gps_driver_interfaces)
[4.182s] Level 1:colcon.colcon_core.environment:checking '/home/parallels/Desktop/EECE5554/LAB1/lab1_ws/install/gps_driver_interfaces' for CMake module files
[4.183s] Level 1:colcon.colcon_core.environment:checking '/home/parallels/Desktop/EECE5554/LAB1/lab1_ws/install/gps_driver_interfaces' for CMake config files
[4.183s] Level 1:colcon.colcon_core.shell:create_environment_hook('gps_driver_interfaces', 'cmake_prefix_path')
[4.183s] INFO:colcon.colcon_core.shell:Creating environment hook '/home/parallels/Desktop/EECE5554/LAB1/lab1_ws/install/gps_driver_interfaces/share/gps_driver_interfaces/hook/cmake_prefix_path.ps1'
[4.183s] INFO:colcon.colcon_core.shell:Creating environment descriptor '/home/parallels/Desktop/EECE5554/LAB1/lab1_ws/install/gps_driver_interfaces/share/gps_driver_interfaces/hook/cmake_prefix_path.dsv'
[4.183s] INFO:colcon.colcon_core.shell:Creating environment hook '/home/parallels/Desktop/EECE5554/LAB1/lab1_ws/install/gps_driver_interfaces/share/gps_driver_interfaces/hook/cmake_prefix_path.sh'
[4.183s] Level 1:colcon.colcon_core.environment:checking '/home/parallels/Desktop/EECE5554/LAB1/lab1_ws/install/gps_driver_interfaces/lib'
[4.183s] Level 1:colcon.colcon_core.shell:create_environment_hook('gps_driver_interfaces', 'ld_library_path_lib')
[4.184s] INFO:colcon.colcon_core.shell:Creating environment hook '/home/parallels/Desktop/EECE5554/LAB1/lab1_ws/install/gps_driver_interfaces/share/gps_driver_interfaces/hook/ld_library_path_lib.ps1'
[4.184s] INFO:colcon.colcon_core.shell:Creating environment descriptor '/home/parallels/Desktop/EECE5554/LAB1/lab1_ws/install/gps_driver_interfaces/share/gps_driver_interfaces/hook/ld_library_path_lib.dsv'
[4.184s] INFO:colcon.colcon_core.shell:Creating environment hook '/home/parallels/Desktop/EECE5554/LAB1/lab1_ws/install/gps_driver_interfaces/share/gps_driver_interfaces/hook/ld_library_path_lib.sh'
[4.184s] Level 1:colcon.colcon_core.environment:checking '/home/parallels/Desktop/EECE5554/LAB1/lab1_ws/install/gps_driver_interfaces/bin'
[4.184s] Level 1:colcon.colcon_core.environment:checking '/home/parallels/Desktop/EECE5554/LAB1/lab1_ws/install/gps_driver_interfaces/lib/pkgconfig/gps_driver_interfaces.pc'
[4.184s] Level 1:colcon.colcon_core.environment:checking '/home/parallels/Desktop/EECE5554/LAB1/lab1_ws/install/gps_driver_interfaces/lib/python3.12/site-packages'
[4.184s] Level 1:colcon.colcon_core.shell:create_environment_hook('gps_driver_interfaces', 'pythonpath')
[4.184s] INFO:colcon.colcon_core.shell:Creating environment hook '/home/parallels/Desktop/EECE5554/LAB1/lab1_ws/install/gps_driver_interfaces/share/gps_driver_interfaces/hook/pythonpath.ps1'
[4.185s] INFO:colcon.colcon_core.shell:Creating environment descriptor '/home/parallels/Desktop/EECE5554/LAB1/lab1_ws/install/gps_driver_interfaces/share/gps_driver_interfaces/hook/pythonpath.dsv'
[4.185s] INFO:colcon.colcon_core.shell:Creating environment hook '/home/parallels/Desktop/EECE5554/LAB1/lab1_ws/install/gps_driver_interfaces/share/gps_driver_interfaces/hook/pythonpath.sh'
[4.185s] Level 1:colcon.colcon_core.environment:checking '/home/parallels/Desktop/EECE5554/LAB1/lab1_ws/install/gps_driver_interfaces/bin'
[4.185s] INFO:colcon.colcon_core.shell:Creating package script '/home/parallels/Desktop/EECE5554/LAB1/lab1_ws/install/gps_driver_interfaces/share/gps_driver_interfaces/package.ps1'
[4.185s] INFO:colcon.colcon_core.shell:Creating package descriptor '/home/parallels/Desktop/EECE5554/LAB1/lab1_ws/install/gps_driver_interfaces/share/gps_driver_interfaces/package.dsv'
[4.186s] INFO:colcon.colcon_core.shell:Creating package script '/home/parallels/Desktop/EECE5554/LAB1/lab1_ws/install/gps_driver_interfaces/share/gps_driver_interfaces/package.sh'
[4.186s] INFO:colcon.colcon_core.shell:Creating package script '/home/parallels/Desktop/EECE5554/LAB1/lab1_ws/install/gps_driver_interfaces/share/gps_driver_interfaces/package.bash'
[4.186s] INFO:colcon.colcon_core.shell:Creating package script '/home/parallels/Desktop/EECE5554/LAB1/lab1_ws/install/gps_driver_interfaces/share/gps_driver_interfaces/package.zsh'
[4.186s] Level 1:colcon.colcon_core.environment:create_file_with_runtime_dependencies(/home/parallels/Desktop/EECE5554/LAB1/lab1_ws/install/gps_driver_interfaces/share/colcon-core/packages/gps_driver_interfaces)
[4.186s] INFO:colcon.colcon_ros.task.ament_python.build:Building ROS package in '/home/parallels/Desktop/EECE5554/LAB1/lab1_ws/src/gps_driver' with build type 'ament_python'
[4.186s] Level 1:colcon.colcon_core.shell:create_environment_hook('gps_driver', 'ament_prefix_path')
[4.187s] INFO:colcon.colcon_core.shell:Creating environment hook '/home/parallels/Desktop/EECE5554/LAB1/lab1_ws/install/gps_driver/share/gps_driver/hook/ament_prefix_path.ps1'
[4.187s] INFO:colcon.colcon_core.shell:Creating environment descriptor '/home/parallels/Desktop/EECE5554/LAB1/lab1_ws/install/gps_driver/share/gps_driver/hook/ament_prefix_path.dsv'
[4.188s] INFO:colcon.colcon_core.shell:Creating environment hook '/home/parallels/Desktop/EECE5554/LAB1/lab1_ws/install/gps_driver/share/gps_driver/hook/ament_prefix_path.sh'
[4.188s] INFO:colcon.colcon_core.shell:Skip shell extension 'powershell' for command environment: Not usable outside of PowerShell
[4.188s] DEBUG:colcon.colcon_core.shell:Skip shell extension 'dsv' for command environment
[4.297s] INFO:colcon.colcon_core.task.python.build:Building Python package in '/home/parallels/Desktop/EECE5554/LAB1/lab1_ws/src/gps_driver'
[4.297s] INFO:colcon.colcon_core.shell:Skip shell extension 'powershell' for command environment: Not usable outside of PowerShell
[4.297s] DEBUG:colcon.colcon_core.shell:Skip shell extension 'dsv' for command environment
[4.592s] DEBUG:colcon.colcon_core.event_handler.log_command:Invoking command in '/home/parallels/Desktop/EECE5554/LAB1/lab1_ws/src/gps_driver': AMENT_PREFIX_PATH=/home/parallels/Desktop/EECE5554/LAB1/lab1_ws/install/gps_driver_interfaces:${AMENT_PREFIX_PATH} CMAKE_PREFIX_PATH=/home/parallels/Desktop/EECE5554/LAB1/lab1_ws/install/gps_driver_interfaces:${CMAKE_PREFIX_PATH} DEBUGINFOD_URLS=https://debuginfod.ubuntu.com LD_LIBRARY_PATH=/home/parallels/Desktop/EECE5554/LAB1/lab1_ws/install/gps_driver_interfaces/lib:${LD_LIBRARY_PATH} PYTHONPATH=/home/parallels/Desktop/EECE5554/LAB1/lab1_ws/build/gps_driver/prefix_override:/usr/lib/python3/dist-packages/colcon_core/task/python/colcon_distutils_commands:/home/parallels/Desktop/EECE5554/LAB1/lab1_ws/install/gps_driver/lib/python3.12/site-packages:/home/parallels/Desktop/EECE5554/LAB1/lab1_ws/install/gps_driver_interfaces/lib/python3.12/site-packages:${PYTHONPATH} /usr/bin/python3 -W ignore:setup.py install is deprecated -W ignore:easy_install command is deprecated setup.py egg_info --egg-base ../../build/gps_driver build --build-base /home/parallels/Desktop/EECE5554/LAB1/lab1_ws/build/gps_driver/build install --record /home/parallels/Desktop/EECE5554/LAB1/lab1_ws/build/gps_driver/install.log --single-version-externally-managed install_data
[4.843s] Level 1:colcon.colcon_core.environment:checking '/home/parallels/Desktop/EECE5554/LAB1/lab1_ws/install/gps_driver' for CMake module files
[4.843s] DEBUG:colcon.colcon_core.event_handler.log_command:Invoked command in '/home/parallels/Desktop/EECE5554/LAB1/lab1_ws/src/gps_driver' returned '0': AMENT_PREFIX_PATH=/home/parallels/Desktop/EECE5554/LAB1/lab1_ws/install/gps_driver_interfaces:${AMENT_PREFIX_PATH} CMAKE_PREFIX_PATH=/home/parallels/Desktop/EECE5554/LAB1/lab1_ws/install/gps_driver_interfaces:${CMAKE_PREFIX_PATH} DEBUGINFOD_URLS=https://debuginfod.ubuntu.com LD_LIBRARY_PATH=/home/parallels/Desktop/EECE5554/LAB1/lab1_ws/install/gps_driver_interfaces/lib:${LD_LIBRARY_PATH} PYTHONPATH=/home/parallels/Desktop/EECE5554/LAB1/lab1_ws/build/gps_driver/prefix_override:/usr/lib/python3/dist-packages/colcon_core/task/python/colcon_distutils_commands:/home/parallels/Desktop/EECE5554/LAB1/lab1_ws/install/gps_driver/lib/python3.12/site-packages:/home/parallels/Desktop/EECE5554/LAB1/lab1_ws/install/gps_driver_interfaces/lib/python3.12/site-packages:${PYTHONPATH} /usr/bin/python3 -W ignore:setup.py install is deprecated -W ignore:easy_install command is deprecated setup.py egg_info --egg-base ../../build/gps_driver build --build-base /home/parallels/Desktop/EECE5554/LAB1/lab1_ws/build/gps_driver/build install --record /home/parallels/Desktop/EECE5554/LAB1/lab1_ws/build/gps_driver/install.log --single-version-externally-managed install_data
[4.843s] Level 1:colcon.colcon_core.environment:checking '/home/parallels/Desktop/EECE5554/LAB1/lab1_ws/install/gps_driver' for CMake config files
[4.844s] Level 1:colcon.colcon_core.environment:checking '/home/parallels/Desktop/EECE5554/LAB1/lab1_ws/install/gps_driver/lib'
[4.844s] Level 1:colcon.colcon_core.environment:checking '/home/parallels/Desktop/EECE5554/LAB1/lab1_ws/install/gps_driver/bin'
[4.844s] Level 1:colcon.colcon_core.environment:checking '/home/parallels/Desktop/EECE5554/LAB1/lab1_ws/install/gps_driver/lib/pkgconfig/gps_driver.pc'
[4.844s] Level 1:colcon.colcon_core.environment:checking '/home/parallels/Desktop/EECE5554/LAB1/lab1_ws/install/gps_driver/lib/python3.12/site-packages'
[4.844s] Level 1:colcon.colcon_core.shell:create_environment_hook('gps_driver', 'pythonpath')
[4.844s] INFO:colcon.colcon_core.shell:Creating environment hook '/home/parallels/Desktop/EECE5554/LAB1/lab1_ws/install/gps_driver/share/gps_driver/hook/pythonpath.ps1'
[4.844s] INFO:colcon.colcon_core.shell:Creating environment descriptor '/home/parallels/Desktop/EECE5554/LAB1/lab1_ws/install/gps_driver/share/gps_driver/hook/pythonpath.dsv'
[4.844s] INFO:colcon.colcon_core.shell:Creating environment hook '/home/parallels/Desktop/EECE5554/LAB1/lab1_ws/install/gps_driver/share/gps_driver/hook/pythonpath.sh'
[4.845s] Level 1:colcon.colcon_core.environment:checking '/home/parallels/Desktop/EECE5554/LAB1/lab1_ws/install/gps_driver/bin'
[4.845s] Level 1:colcon.colcon_core.environment:create_environment_scripts_only(gps_driver)
[4.845s] INFO:colcon.colcon_core.shell:Creating package script '/home/parallels/Desktop/EECE5554/LAB1/lab1_ws/install/gps_driver/share/gps_driver/package.ps1'
[4.847s] INFO:colcon.colcon_core.shell:Creating package descriptor '/home/parallels/Desktop/EECE5554/LAB1/lab1_ws/install/gps_driver/share/gps_driver/package.dsv'
[4.847s] INFO:colcon.colcon_core.shell:Creating package script '/home/parallels/Desktop/EECE5554/LAB1/lab1_ws/install/gps_driver/share/gps_driver/package.sh'
[4.847s] INFO:colcon.colcon_core.shell:Creating package script '/home/parallels/Desktop/EECE5554/LAB1/lab1_ws/install/gps_driver/share/gps_driver/package.bash'
[4.847s] INFO:colcon.colcon_core.shell:Creating package script '/home/parallels/Desktop/EECE5554/LAB1/lab1_ws/install/gps_driver/share/gps_driver/package.zsh'
[4.847s] Level 1:colcon.colcon_core.environment:create_file_with_runtime_dependencies(/home/parallels/Desktop/EECE5554/LAB1/lab1_ws/install/gps_driver/share/colcon-core/packages/gps_driver)
[4.848s] DEBUG:colcon.colcon_parallel_executor.executor.parallel:closing loop
[4.848s] DEBUG:colcon.colcon_parallel_executor.executor.parallel:loop closed
[4.848s] DEBUG:colcon.colcon_parallel_executor.executor.parallel:run_until_complete finished with '0'
[4.848s] DEBUG:colcon.colcon_core.event_reactor:joining thread
[4.853s] INFO:colcon.colcon_core.plugin_system:Skipping extension 'colcon_notification.desktop_notification.terminal_notifier': Not used on non-Darwin systems
[4.854s] INFO:colcon.colcon_core.plugin_system:Skipping extension 'colcon_notification.desktop_notification.win32': Not used on non-Windows systems
[4.854s] INFO:colcon.colcon_notification.desktop_notification:Sending desktop notification using 'notify2'
[4.864s] DEBUG:colcon.colcon_core.event_reactor:joined thread
[4.864s] INFO:colcon.colcon_core.shell:Creating prefix script '/home/parallels/Desktop/EECE5554/LAB1/lab1_ws/install/local_setup.ps1'
[4.864s] INFO:colcon.colcon_core.shell:Creating prefix util module '/home/parallels/Desktop/EECE5554/LAB1/lab1_ws/install/_local_setup_util_ps1.py'
[4.865s] INFO:colcon.colcon_core.shell:Creating prefix chain script '/home/parallels/Desktop/EECE5554/LAB1/lab1_ws/install/setup.ps1'
[4.865s] INFO:colcon.colcon_core.shell:Creating prefix script '/home/parallels/Desktop/EECE5554/LAB1/lab1_ws/install/local_setup.sh'
[4.865s] INFO:colcon.colcon_core.shell:Creating prefix util module '/home/parallels/Desktop/EECE5554/LAB1/lab1_ws/install/_local_setup_util_sh.py'
[4.866s] INFO:colcon.colcon_core.shell:Creating prefix chain script '/home/parallels/Desktop/EECE5554/LAB1/lab1_ws/install/setup.sh'
[4.866s] INFO:colcon.colcon_core.shell:Creating prefix script '/home/parallels/Desktop/EECE5554/LAB1/lab1_ws/install/local_setup.bash'
[4.866s] INFO:colcon.colcon_core.shell:Creating prefix chain script '/home/parallels/Desktop/EECE5554/LAB1/lab1_ws/install/setup.bash'
[4.867s] INFO:colcon.colcon_core.shell:Creating prefix script '/home/parallels/Desktop/EECE5554/LAB1/lab1_ws/install/local_setup.zsh'
[4.867s] INFO:colcon.colcon_core.shell:Creating prefix chain script '/home/parallels/Desktop/EECE5554/LAB1/lab1_ws/install/setup.zsh'
