running egg_info
creating ../../build/gps_driver/gps_driver.egg-info
writing ../../build/gps_driver/gps_driver.egg-info/PKG-INFO
writing dependency_links to ../../build/gps_driver/gps_driver.egg-info/dependency_links.txt
writing entry points to ../../build/gps_driver/gps_driver.egg-info/entry_points.txt
writing requirements to ../../build/gps_driver/gps_driver.egg-info/requires.txt
writing top-level names to ../../build/gps_driver/gps_driver.egg-info/top_level.txt
writing manifest file '../../build/gps_driver/gps_driver.egg-info/SOURCES.txt'
reading manifest file '../../build/gps_driver/gps_driver.egg-info/SOURCES.txt'
writing manifest file '../../build/gps_driver/gps_driver.egg-info/SOURCES.txt'
running build
running build_py
creating /home/parallels/Desktop/EECE5554/LAB1/lab1_ws/build/gps_driver/build
creating /home/parallels/Desktop/EECE5554/LAB1/lab1_ws/build/gps_driver/build/lib
creating /home/parallels/Desktop/EECE5554/LAB1/lab1_ws/build/gps_driver/build/lib/gps_driver
copying gps_driver/gpgga_to_utm_node.py -> /home/parallels/Desktop/EECE5554/LAB1/lab1_ws/build/gps_driver/build/lib/gps_driver
copying gps_driver/__init__.py -> /home/parallels/Desktop/EECE5554/LAB1/lab1_ws/build/gps_driver/build/lib/gps_driver
running install
running install_lib
creating /home/parallels/Desktop/EECE5554/LAB1/lab1_ws/install/gps_driver/lib/python3.12/site-packages/gps_driver
copying /home/parallels/Desktop/EECE5554/LAB1/lab1_ws/build/gps_driver/build/lib/gps_driver/gpgga_to_utm_node.py -> /home/parallels/Desktop/EECE5554/LAB1/lab1_ws/install/gps_driver/lib/python3.12/site-packages/gps_driver
copying /home/parallels/Desktop/EECE5554/LAB1/lab1_ws/build/gps_driver/build/lib/gps_driver/__init__.py -> /home/parallels/Desktop/EECE5554/LAB1/lab1_ws/install/gps_driver/lib/python3.12/site-packages/gps_driver
byte-compiling /home/parallels/Desktop/EECE5554/LAB1/lab1_ws/install/gps_driver/lib/python3.12/site-packages/gps_driver/gpgga_to_utm_node.py to gpgga_to_utm_node.cpython-312.pyc
byte-compiling /home/parallels/Desktop/EECE5554/LAB1/lab1_ws/install/gps_driver/lib/python3.12/site-packages/gps_driver/__init__.py to __init__.cpython-312.pyc
running install_data
creating /home/parallels/Desktop/EECE5554/LAB1/lab1_ws/install/gps_driver/share/ament_index
creating /home/parallels/Desktop/EECE5554/LAB1/lab1_ws/install/gps_driver/share/ament_index/resource_index
creating /home/parallels/Desktop/EECE5554/LAB1/lab1_ws/install/gps_driver/share/ament_index/resource_index/packages
copying resource/gps_driver -> /home/parallels/Desktop/EECE5554/LAB1/lab1_ws/install/gps_driver/share/ament_index/resource_index/packages
copying package.xml -> /home/parallels/Desktop/EECE5554/LAB1/lab1_ws/install/gps_driver/share/gps_driver
running install_egg_info
Copying ../../build/gps_driver/gps_driver.egg-info to /home/parallels/Desktop/EECE5554/LAB1/lab1_ws/install/gps_driver/lib/python3.12/site-packages/gps_driver-0.0.0-py3.12.egg-info
running install_scripts
Installing gpgga_to_utm script to /home/parallels/Desktop/EECE5554/LAB1/lab1_ws/install/gps_driver/lib/gps_driver
writing list of installed files to '/home/parallels/Desktop/EECE5554/LAB1/lab1_ws/build/gps_driver/install.log'
