-- The C compiler identification is GNU 13.3.0
-- The CXX compiler identification is GNU 13.3.0
-- Detecting C compiler ABI info
-- Detecting C compiler ABI info - done
-- Check for working C compiler: /usr/bin/cc - skipped
-- Detecting C compile features
-- Detecting C compile features - done
-- Detecting CXX compiler ABI info
-- Detecting CXX compiler ABI info - done
-- Check for working CXX compiler: /usr/bin/c++ - skipped
-- Detecting CXX compile features
-- Detecting CXX compile features - done
-- Found ament_cmake: 2.5.5 (/opt/ros/jazzy/share/ament_cmake/cmake)
-- Found Python3: /usr/bin/python3 (found version "3.12.3") found components: Interpreter 
-- Found rosidl_default_generators: 1.6.0 (/opt/ros/jazzy/share/rosidl_default_generators/cmake)
-- Using all available rosidl_typesupport_c: rosidl_typesupport_fastrtps_c;rosidl_typesupport_introspection_c
-- Using all available rosidl_typesupport_cpp: rosidl_typesupport_fastrtps_cpp;rosidl_typesupport_introspection_cpp
-- Found rosidl_adapter: 4.6.7 (/opt/ros/jazzy/share/rosidl_adapter/cmake)
-- Found std_msgs: 5.3.6 (/opt/ros/jazzy/share/std_msgs/cmake)
-- Found ament_cmake_ros: 0.12.0 (/opt/ros/jazzy/share/ament_cmake_ros/cmake)
-- Using all available rosidl_typesupport_c: rosidl_typesupport_fastrtps_c;rosidl_typesupport_introspection_c
-- Using all available rosidl_typesupport_cpp: rosidl_typesupport_fastrtps_cpp;rosidl_typesupport_introspection_cpp
-- Found python_cmake_module: 0.11.1 (/opt/ros/jazzy/share/python_cmake_module/cmake)
-- Found PythonExtra: /usr/bin/python3  
-- Found Python3: /usr/bin/python3 (found version "3.12.3") found components: Interpreter Development NumPy Development.Module Development.Embed 
-- Configuring done (1.9s)
-- Generating done (0.0s)
-- Build files have been written to: /home/parallels/Desktop/EECE5554/LAB1/lab1_ws/build/gps_driver_interfaces
[  2%] [34m[1mGenerating type hashes for ROS interfaces[0m
[  2%] Built target ament_cmake_python_copy_gps_driver_interfaces
running egg_info
creating gps_driver_interfaces.egg-info
[  2%] Built target gps_driver_interfaces__rosidl_generator_type_description
writing gps_driver_interfaces.egg-info/PKG-INFO
writing dependency_links to gps_driver_interfaces.egg-info/dependency_links.txt
writing top-level names to gps_driver_interfaces.egg-info/top_level.txt
writing manifest file 'gps_driver_interfaces.egg-info/SOURCES.txt'
[  5%] [34m[1mGenerating C++ code for ROS interfaces[0m
reading manifest file 'gps_driver_interfaces.egg-info/SOURCES.txt'
writing manifest file 'gps_driver_interfaces.egg-info/SOURCES.txt'
[  5%] Built target ament_cmake_python_build_gps_driver_interfaces_egg
[  8%] [34m[1mGenerating C code for ROS interfaces[0m
[  8%] Built target gps_driver_interfaces__cpp
[ 14%] [32mBuilding C object CMakeFiles/gps_driver_interfaces__rosidl_generator_c.dir/rosidl_generator_c/gps_driver_interfaces/msg/detail/gps_msg__functions.c.o[0m
[ 14%] [32mBuilding C object CMakeFiles/gps_driver_interfaces__rosidl_generator_c.dir/rosidl_generator_c/gps_driver_interfaces/msg/detail/gps_msg__description.c.o[0m
[ 17%] [32mBuilding C object CMakeFiles/gps_driver_interfaces__rosidl_generator_c.dir/rosidl_generator_c/gps_driver_interfaces/msg/detail/gps_msg__type_support.c.o[0m
[ 20%] [32m[1mLinking C shared library libgps_driver_interfaces__rosidl_generator_c.so[0m
[ 20%] Built target gps_driver_interfaces__rosidl_generator_c
[ 26%] [34m[1mGenerating C type support for eProsima Fast-RTPS[0m
[ 26%] [34m[1mGenerating C++ type support dispatch for ROS interfaces[0m
[ 29%] [32mBuilding CXX object CMakeFiles/gps_driver_interfaces__rosidl_typesupport_cpp.dir/rosidl_typesupport_cpp/gps_driver_interfaces/msg/gps_msg__type_support.cpp.o[0m
[ 32%] [32mBuilding CXX object CMakeFiles/gps_driver_interfaces__rosidl_typesupport_fastrtps_c.dir/rosidl_typesupport_fastrtps_c/gps_driver_interfaces/msg/detail/gps_msg__type_support_c.cpp.o[0m
[ 35%] [32m[1mLinking CXX shared library libgps_driver_interfaces__rosidl_typesupport_cpp.so[0m
[ 35%] Built target gps_driver_interfaces__rosidl_typesupport_cpp
[ 38%] [34m[1mGenerating C introspection for ROS interfaces[0m
[ 41%] [32m[1mLinking CXX shared library libgps_driver_interfaces__rosidl_typesupport_fastrtps_c.so[0m
[ 41%] Built target gps_driver_interfaces__rosidl_typesupport_fastrtps_c
[ 44%] [34m[1mGenerating C type support dispatch for ROS interfaces[0m
[ 47%] [32mBuilding C object CMakeFiles/gps_driver_interfaces__rosidl_typesupport_introspection_c.dir/rosidl_typesupport_introspection_c/gps_driver_interfaces/msg/detail/gps_msg__type_support.c.o[0m
[ 50%] [32m[1mLinking C shared library libgps_driver_interfaces__rosidl_typesupport_introspection_c.so[0m
[ 50%] Built target gps_driver_interfaces__rosidl_typesupport_introspection_c
[ 52%] [34m[1mGenerating C++ type support for eProsima Fast-RTPS[0m
[ 55%] [32mBuilding CXX object CMakeFiles/gps_driver_interfaces__rosidl_typesupport_c.dir/rosidl_typesupport_c/gps_driver_interfaces/msg/gps_msg__type_support.cpp.o[0m
[ 58%] [32m[1mLinking CXX shared library libgps_driver_interfaces__rosidl_typesupport_c.so[0m
[ 58%] Built target gps_driver_interfaces__rosidl_typesupport_c
[ 61%] [34m[1mGenerating C++ introspection for ROS interfaces[0m
[ 64%] [32mBuilding CXX object CMakeFiles/gps_driver_interfaces__rosidl_typesupport_fastrtps_cpp.dir/rosidl_typesupport_fastrtps_cpp/gps_driver_interfaces/msg/detail/dds_fastrtps/gps_msg__type_support.cpp.o[0m
[ 67%] [32mBuilding CXX object CMakeFiles/gps_driver_interfaces__rosidl_typesupport_introspection_cpp.dir/rosidl_typesupport_introspection_cpp/gps_driver_interfaces/msg/detail/gps_msg__type_support.cpp.o[0m
[ 70%] [32m[1mLinking CXX shared library libgps_driver_interfaces__rosidl_typesupport_fastrtps_cpp.so[0m
[ 70%] Built target gps_driver_interfaces__rosidl_typesupport_fastrtps_cpp
[ 73%] [32m[1mLinking CXX shared library libgps_driver_interfaces__rosidl_typesupport_introspection_cpp.so[0m
[ 73%] Built target gps_driver_interfaces__rosidl_typesupport_introspection_cpp
[ 73%] Built target gps_driver_interfaces
[ 76%] [34m[1mGenerating Python code for ROS interfaces[0m
[ 76%] Built target gps_driver_interfaces__py
[ 79%] [32mBuilding C object CMakeFiles/gps_driver_interfaces__rosidl_generator_py.dir/rosidl_generator_py/gps_driver_interfaces/msg/_gps_msg_s.c.o[0m
[ 82%] [32m[1mLinking C shared library libgps_driver_interfaces__rosidl_generator_py.so[0m
[ 82%] Built target gps_driver_interfaces__rosidl_generator_py
[ 88%] [32mBuilding C object CMakeFiles/gps_driver_interfaces_s__rosidl_typesupport_introspection_c.dir/rosidl_generator_py/gps_driver_interfaces/_gps_driver_interfaces_s.ep.rosidl_typesupport_introspection_c.c.o[0m
[ 88%] [32mBuilding C object CMakeFiles/gps_driver_interfaces_s__rosidl_typesupport_fastrtps_c.dir/rosidl_generator_py/gps_driver_interfaces/_gps_driver_interfaces_s.ep.rosidl_typesupport_fastrtps_c.c.o[0m
[ 91%] [32m[1mLinking C shared module rosidl_generator_py/gps_driver_interfaces/gps_driver_interfaces_s__rosidl_typesupport_fastrtps_c.so[0m
[ 94%] [32m[1mLinking C shared module rosidl_generator_py/gps_driver_interfaces/gps_driver_interfaces_s__rosidl_typesupport_introspection_c.so[0m
[ 94%] Built target gps_driver_interfaces_s__rosidl_typesupport_introspection_c
[ 94%] Built target gps_driver_interfaces_s__rosidl_typesupport_fastrtps_c
[ 97%] [32mBuilding C object CMakeFiles/gps_driver_interfaces_s__rosidl_typesupport_c.dir/rosidl_generator_py/gps_driver_interfaces/_gps_driver_interfaces_s.ep.rosidl_typesupport_c.c.o[0m
[100%] [32m[1mLinking C shared module rosidl_generator_py/gps_driver_interfaces/gps_driver_interfaces_s__rosidl_typesupport_c.so[0m
[100%] Built target gps_driver_interfaces_s__rosidl_typesupport_c
-- Install configuration: ""
-- Installing: /home/parallels/Desktop/EECE5554/LAB1/lab1_ws/install/gps_driver_interfaces/share/ament_index/resource_index/rosidl_interfaces/gps_driver_interfaces
-- Installing: /home/parallels/Desktop/EECE5554/LAB1/lab1_ws/install/gps_driver_interfaces/share/gps_driver_interfaces/msg/GpsMsg.json
-- Installing: /home/parallels/Desktop/EECE5554/LAB1/lab1_ws/install/gps_driver_interfaces/include/gps_driver_interfaces/gps_driver_interfaces
-- Installing: /home/parallels/Desktop/EECE5554/LAB1/lab1_ws/install/gps_driver_interfaces/include/gps_driver_interfaces/gps_driver_interfaces/msg
-- Installing: /home/parallels/Desktop/EECE5554/LAB1/lab1_ws/install/gps_driver_interfaces/include/gps_driver_interfaces/gps_driver_interfaces/msg/rosidl_generator_c__visibility_control.h
-- Installing: /home/parallels/Desktop/EECE5554/LAB1/lab1_ws/install/gps_driver_interfaces/include/gps_driver_interfaces/gps_driver_interfaces/msg/detail
-- Installing: /home/parallels/Desktop/EECE5554/LAB1/lab1_ws/install/gps_driver_interfaces/include/gps_driver_interfaces/gps_driver_interfaces/msg/detail/gps_msg__struct.h
-- Installing: /home/parallels/Desktop/EECE5554/LAB1/lab1_ws/install/gps_driver_interfaces/include/gps_driver_interfaces/gps_driver_interfaces/msg/detail/gps_msg__description.c
-- Installing: /home/parallels/Desktop/EECE5554/LAB1/lab1_ws/install/gps_driver_interfaces/include/gps_driver_interfaces/gps_driver_interfaces/msg/detail/gps_msg__type_support.h
-- Installing: /home/parallels/Desktop/EECE5554/LAB1/lab1_ws/install/gps_driver_interfaces/include/gps_driver_interfaces/gps_driver_interfaces/msg/detail/gps_msg__functions.c
-- Installing: /home/parallels/Desktop/EECE5554/LAB1/lab1_ws/install/gps_driver_interfaces/include/gps_driver_interfaces/gps_driver_interfaces/msg/detail/gps_msg__type_support.c
-- Installing: /home/parallels/Desktop/EECE5554/LAB1/lab1_ws/install/gps_driver_interfaces/include/gps_driver_interfaces/gps_driver_interfaces/msg/detail/gps_msg__functions.h
-- Installing: /home/parallels/Desktop/EECE5554/LAB1/lab1_ws/install/gps_driver_interfaces/include/gps_driver_interfaces/gps_driver_interfaces/msg/gps_msg.h
-- Installing: /home/parallels/Desktop/EECE5554/LAB1/lab1_ws/install/gps_driver_interfaces/share/gps_driver_interfaces/environment/library_path.sh
-- Installing: /home/parallels/Desktop/EECE5554/LAB1/lab1_ws/install/gps_driver_interfaces/share/gps_driver_interfaces/environment/library_path.dsv
-- Installing: /home/parallels/Desktop/EECE5554/LAB1/lab1_ws/install/gps_driver_interfaces/lib/libgps_driver_interfaces__rosidl_generator_c.so
-- Set non-toolchain portion of runtime path of "/home/parallels/Desktop/EECE5554/LAB1/lab1_ws/install/gps_driver_interfaces/lib/libgps_driver_interfaces__rosidl_generator_c.so" to ""
-- Up-to-date: /home/parallels/Desktop/EECE5554/LAB1/lab1_ws/install/gps_driver_interfaces/include/gps_driver_interfaces/gps_driver_interfaces
-- Up-to-date: /home/parallels/Desktop/EECE5554/LAB1/lab1_ws/install/gps_driver_interfaces/include/gps_driver_interfaces/gps_driver_interfaces/msg
-- Up-to-date: /home/parallels/Desktop/EECE5554/LAB1/lab1_ws/install/gps_driver_interfaces/include/gps_driver_interfaces/gps_driver_interfaces/msg/detail
-- Installing: /home/parallels/Desktop/EECE5554/LAB1/lab1_ws/install/gps_driver_interfaces/include/gps_driver_interfaces/gps_driver_interfaces/msg/detail/gps_msg__rosidl_typesupport_fastrtps_c.h
-- Installing: /home/parallels/Desktop/EECE5554/LAB1/lab1_ws/install/gps_driver_interfaces/include/gps_driver_interfaces/gps_driver_interfaces/msg/rosidl_typesupport_fastrtps_c__visibility_control.h
-- Installing: /home/parallels/Desktop/EECE5554/LAB1/lab1_ws/install/gps_driver_interfaces/lib/libgps_driver_interfaces__rosidl_typesupport_fastrtps_c.so
-- Set non-toolchain portion of runtime path of "/home/parallels/Desktop/EECE5554/LAB1/lab1_ws/install/gps_driver_interfaces/lib/libgps_driver_interfaces__rosidl_typesupport_fastrtps_c.so" to ""
-- Up-to-date: /home/parallels/Desktop/EECE5554/LAB1/lab1_ws/install/gps_driver_interfaces/include/gps_driver_interfaces/gps_driver_interfaces
-- Up-to-date: /home/parallels/Desktop/EECE5554/LAB1/lab1_ws/install/gps_driver_interfaces/include/gps_driver_interfaces/gps_driver_interfaces/msg
-- Up-to-date: /home/parallels/Desktop/EECE5554/LAB1/lab1_ws/install/gps_driver_interfaces/include/gps_driver_interfaces/gps_driver_interfaces/msg/detail
-- Installing: /home/parallels/Desktop/EECE5554/LAB1/lab1_ws/install/gps_driver_interfaces/include/gps_driver_interfaces/gps_driver_interfaces/msg/detail/gps_msg__rosidl_typesupport_introspection_c.h
-- Installing: /home/parallels/Desktop/EECE5554/LAB1/lab1_ws/install/gps_driver_interfaces/include/gps_driver_interfaces/gps_driver_interfaces/msg/detail/gps_msg__type_support.c
-- Installing: /home/parallels/Desktop/EECE5554/LAB1/lab1_ws/install/gps_driver_interfaces/include/gps_driver_interfaces/gps_driver_interfaces/msg/rosidl_typesupport_introspection_c__visibility_control.h
-- Installing: /home/parallels/Desktop/EECE5554/LAB1/lab1_ws/install/gps_driver_interfaces/lib/libgps_driver_interfaces__rosidl_typesupport_introspection_c.so
-- Set non-toolchain portion of runtime path of "/home/parallels/Desktop/EECE5554/LAB1/lab1_ws/install/gps_driver_interfaces/lib/libgps_driver_interfaces__rosidl_typesupport_introspection_c.so" to ""
-- Installing: /home/parallels/Desktop/EECE5554/LAB1/lab1_ws/install/gps_driver_interfaces/lib/libgps_driver_interfaces__rosidl_typesupport_c.so
-- Set non-toolchain portion of runtime path of "/home/parallels/Desktop/EECE5554/LAB1/lab1_ws/install/gps_driver_interfaces/lib/libgps_driver_interfaces__rosidl_typesupport_c.so" to ""
-- Up-to-date: /home/parallels/Desktop/EECE5554/LAB1/lab1_ws/install/gps_driver_interfaces/include/gps_driver_interfaces/gps_driver_interfaces
-- Up-to-date: /home/parallels/Desktop/EECE5554/LAB1/lab1_ws/install/gps_driver_interfaces/include/gps_driver_interfaces/gps_driver_interfaces/msg
-- Up-to-date: /home/parallels/Desktop/EECE5554/LAB1/lab1_ws/install/gps_driver_interfaces/include/gps_driver_interfaces/gps_driver_interfaces/msg/detail
-- Installing: /home/parallels/Desktop/EECE5554/LAB1/lab1_ws/install/gps_driver_interfaces/include/gps_driver_interfaces/gps_driver_interfaces/msg/detail/gps_msg__builder.hpp
-- Installing: /home/parallels/Desktop/EECE5554/LAB1/lab1_ws/install/gps_driver_interfaces/include/gps_driver_interfaces/gps_driver_interfaces/msg/detail/gps_msg__traits.hpp
-- Installing: /home/parallels/Desktop/EECE5554/LAB1/lab1_ws/install/gps_driver_interfaces/include/gps_driver_interfaces/gps_driver_interfaces/msg/detail/gps_msg__struct.hpp
-- Installing: /home/parallels/Desktop/EECE5554/LAB1/lab1_ws/install/gps_driver_interfaces/include/gps_driver_interfaces/gps_driver_interfaces/msg/detail/gps_msg__type_support.hpp
-- Installing: /home/parallels/Desktop/EECE5554/LAB1/lab1_ws/install/gps_driver_interfaces/include/gps_driver_interfaces/gps_driver_interfaces/msg/gps_msg.hpp
-- Installing: /home/parallels/Desktop/EECE5554/LAB1/lab1_ws/install/gps_driver_interfaces/include/gps_driver_interfaces/gps_driver_interfaces/msg/rosidl_generator_cpp__visibility_control.hpp
-- Up-to-date: /home/parallels/Desktop/EECE5554/LAB1/lab1_ws/install/gps_driver_interfaces/include/gps_driver_interfaces/gps_driver_interfaces
-- Up-to-date: /home/parallels/Desktop/EECE5554/LAB1/lab1_ws/install/gps_driver_interfaces/include/gps_driver_interfaces/gps_driver_interfaces/msg
-- Installing: /home/parallels/Desktop/EECE5554/LAB1/lab1_ws/install/gps_driver_interfaces/include/gps_driver_interfaces/gps_driver_interfaces/msg/rosidl_typesupport_fastrtps_cpp__visibility_control.h
-- Up-to-date: /home/parallels/Desktop/EECE5554/LAB1/lab1_ws/install/gps_driver_interfaces/include/gps_driver_interfaces/gps_driver_interfaces/msg/detail
-- Installing: /home/parallels/Desktop/EECE5554/LAB1/lab1_ws/install/gps_driver_interfaces/include/gps_driver_interfaces/gps_driver_interfaces/msg/detail/dds_fastrtps
-- Installing: /home/parallels/Desktop/EECE5554/LAB1/lab1_ws/install/gps_driver_interfaces/include/gps_driver_interfaces/gps_driver_interfaces/msg/detail/gps_msg__rosidl_typesupport_fastrtps_cpp.hpp
-- Installing: /home/parallels/Desktop/EECE5554/LAB1/lab1_ws/install/gps_driver_interfaces/lib/libgps_driver_interfaces__rosidl_typesupport_fastrtps_cpp.so
-- Set non-toolchain portion of runtime path of "/home/parallels/Desktop/EECE5554/LAB1/lab1_ws/install/gps_driver_interfaces/lib/libgps_driver_interfaces__rosidl_typesupport_fastrtps_cpp.so" to ""
-- Up-to-date: /home/parallels/Desktop/EECE5554/LAB1/lab1_ws/install/gps_driver_interfaces/include/gps_driver_interfaces/gps_driver_interfaces
-- Up-to-date: /home/parallels/Desktop/EECE5554/LAB1/lab1_ws/install/gps_driver_interfaces/include/gps_driver_interfaces/gps_driver_interfaces/msg
-- Up-to-date: /home/parallels/Desktop/EECE5554/LAB1/lab1_ws/install/gps_driver_interfaces/include/gps_driver_interfaces/gps_driver_interfaces/msg/detail
-- Installing: /home/parallels/Desktop/EECE5554/LAB1/lab1_ws/install/gps_driver_interfaces/include/gps_driver_interfaces/gps_driver_interfaces/msg/detail/gps_msg__type_support.cpp
-- Installing: /home/parallels/Desktop/EECE5554/LAB1/lab1_ws/install/gps_driver_interfaces/include/gps_driver_interfaces/gps_driver_interfaces/msg/detail/gps_msg__rosidl_typesupport_introspection_cpp.hpp
-- Installing: /home/parallels/Desktop/EECE5554/LAB1/lab1_ws/install/gps_driver_interfaces/lib/libgps_driver_interfaces__rosidl_typesupport_introspection_cpp.so
-- Set non-toolchain portion of runtime path of "/home/parallels/Desktop/EECE5554/LAB1/lab1_ws/install/gps_driver_interfaces/lib/libgps_driver_interfaces__rosidl_typesupport_introspection_cpp.so" to ""
-- Installing: /home/parallels/Desktop/EECE5554/LAB1/lab1_ws/install/gps_driver_interfaces/lib/libgps_driver_interfaces__rosidl_typesupport_cpp.so
-- Set non-toolchain portion of runtime path of "/home/parallels/Desktop/EECE5554/LAB1/lab1_ws/install/gps_driver_interfaces/lib/libgps_driver_interfaces__rosidl_typesupport_cpp.so" to ""
-- Installing: /home/parallels/Desktop/EECE5554/LAB1/lab1_ws/install/gps_driver_interfaces/share/gps_driver_interfaces/environment/pythonpath.sh
-- Installing: /home/parallels/Desktop/EECE5554/LAB1/lab1_ws/install/gps_driver_interfaces/share/gps_driver_interfaces/environment/pythonpath.dsv
-- Installing: /home/parallels/Desktop/EECE5554/LAB1/lab1_ws/install/gps_driver_interfaces/lib/python3.12/site-packages/gps_driver_interfaces-0.0.0-py3.12.egg-info
-- Installing: /home/parallels/Desktop/EECE5554/LAB1/lab1_ws/install/gps_driver_interfaces/lib/python3.12/site-packages/gps_driver_interfaces-0.0.0-py3.12.egg-info/PKG-INFO
-- Installing: /home/parallels/Desktop/EECE5554/LAB1/lab1_ws/install/gps_driver_interfaces/lib/python3.12/site-packages/gps_driver_interfaces-0.0.0-py3.12.egg-info/top_level.txt
-- Installing: /home/parallels/Desktop/EECE5554/LAB1/lab1_ws/install/gps_driver_interfaces/lib/python3.12/site-packages/gps_driver_interfaces-0.0.0-py3.12.egg-info/dependency_links.txt
-- Installing: /home/parallels/Desktop/EECE5554/LAB1/lab1_ws/install/gps_driver_interfaces/lib/python3.12/site-packages/gps_driver_interfaces-0.0.0-py3.12.egg-info/SOURCES.txt
-- Installing: /home/parallels/Desktop/EECE5554/LAB1/lab1_ws/install/gps_driver_interfaces/lib/python3.12/site-packages/gps_driver_interfaces
-- Installing: /home/parallels/Desktop/EECE5554/LAB1/lab1_ws/install/gps_driver_interfaces/lib/python3.12/site-packages/gps_driver_interfaces/_gps_driver_interfaces_s.ep.rosidl_typesupport_introspection_c.c
-- Installing: /home/parallels/Desktop/EECE5554/LAB1/lab1_ws/install/gps_driver_interfaces/lib/python3.12/site-packages/gps_driver_interfaces/_gps_driver_interfaces_s.ep.rosidl_typesupport_fastrtps_c.c
-- Installing: /home/parallels/Desktop/EECE5554/LAB1/lab1_ws/install/gps_driver_interfaces/lib/python3.12/site-packages/gps_driver_interfaces/gps_driver_interfaces_s__rosidl_typesupport_c.so
-- Installing: /home/parallels/Desktop/EECE5554/LAB1/lab1_ws/install/gps_driver_interfaces/lib/python3.12/site-packages/gps_driver_interfaces/msg
-- Installing: /home/parallels/Desktop/EECE5554/LAB1/lab1_ws/install/gps_driver_interfaces/lib/python3.12/site-packages/gps_driver_interfaces/msg/_gps_msg_s.c
-- Installing: /home/parallels/Desktop/EECE5554/LAB1/lab1_ws/install/gps_driver_interfaces/lib/python3.12/site-packages/gps_driver_interfaces/msg/_gps_msg.py
-- Installing: /home/parallels/Desktop/EECE5554/LAB1/lab1_ws/install/gps_driver_interfaces/lib/python3.12/site-packages/gps_driver_interfaces/msg/__init__.py
-- Installing: /home/parallels/Desktop/EECE5554/LAB1/lab1_ws/install/gps_driver_interfaces/lib/python3.12/site-packages/gps_driver_interfaces/gps_driver_interfaces_s__rosidl_typesupport_introspection_c.so
-- Installing: /home/parallels/Desktop/EECE5554/LAB1/lab1_ws/install/gps_driver_interfaces/lib/python3.12/site-packages/gps_driver_interfaces/__init__.py
-- Installing: /home/parallels/Desktop/EECE5554/LAB1/lab1_ws/install/gps_driver_interfaces/lib/python3.12/site-packages/gps_driver_interfaces/gps_driver_interfaces_s__rosidl_typesupport_fastrtps_c.so
-- Installing: /home/parallels/Desktop/EECE5554/LAB1/lab1_ws/install/gps_driver_interfaces/lib/python3.12/site-packages/gps_driver_interfaces/_gps_driver_interfaces_s.ep.rosidl_typesupport_c.c
Listing '/home/parallels/Desktop/EECE5554/LAB1/lab1_ws/install/gps_driver_interfaces/lib/python3.12/site-packages/gps_driver_interfaces'...
Compiling '/home/parallels/Desktop/EECE5554/LAB1/lab1_ws/install/gps_driver_interfaces/lib/python3.12/site-packages/gps_driver_interfaces/__init__.py'...
Listing '/home/parallels/Desktop/EECE5554/LAB1/lab1_ws/install/gps_driver_interfaces/lib/python3.12/site-packages/gps_driver_interfaces/msg'...
Compiling '/home/parallels/Desktop/EECE5554/LAB1/lab1_ws/install/gps_driver_interfaces/lib/python3.12/site-packages/gps_driver_interfaces/msg/__init__.py'...
Compiling '/home/parallels/Desktop/EECE5554/LAB1/lab1_ws/install/gps_driver_interfaces/lib/python3.12/site-packages/gps_driver_interfaces/msg/_gps_msg.py'...
-- Installing: /home/parallels/Desktop/EECE5554/LAB1/lab1_ws/install/gps_driver_interfaces/lib/python3.12/site-packages/gps_driver_interfaces/gps_driver_interfaces_s__rosidl_typesupport_fastrtps_c.so
-- Set non-toolchain portion of runtime path of "/home/parallels/Desktop/EECE5554/LAB1/lab1_ws/install/gps_driver_interfaces/lib/python3.12/site-packages/gps_driver_interfaces/gps_driver_interfaces_s__rosidl_typesupport_fastrtps_c.so" to ""
-- Installing: /home/parallels/Desktop/EECE5554/LAB1/lab1_ws/install/gps_driver_interfaces/lib/python3.12/site-packages/gps_driver_interfaces/gps_driver_interfaces_s__rosidl_typesupport_introspection_c.so
-- Set non-toolchain portion of runtime path of "/home/parallels/Desktop/EECE5554/LAB1/lab1_ws/install/gps_driver_interfaces/lib/python3.12/site-packages/gps_driver_interfaces/gps_driver_interfaces_s__rosidl_typesupport_introspection_c.so" to ""
-- Installing: /home/parallels/Desktop/EECE5554/LAB1/lab1_ws/install/gps_driver_interfaces/lib/python3.12/site-packages/gps_driver_interfaces/gps_driver_interfaces_s__rosidl_typesupport_c.so
-- Set non-toolchain portion of runtime path of "/home/parallels/Desktop/EECE5554/LAB1/lab1_ws/install/gps_driver_interfaces/lib/python3.12/site-packages/gps_driver_interfaces/gps_driver_interfaces_s__rosidl_typesupport_c.so" to ""
-- Installing: /home/parallels/Desktop/EECE5554/LAB1/lab1_ws/install/gps_driver_interfaces/lib/libgps_driver_interfaces__rosidl_generator_py.so
-- Set non-toolchain portion of runtime path of "/home/parallels/Desktop/EECE5554/LAB1/lab1_ws/install/gps_driver_interfaces/lib/libgps_driver_interfaces__rosidl_generator_py.so" to ""
-- Installing: /home/parallels/Desktop/EECE5554/LAB1/lab1_ws/install/gps_driver_interfaces/share/gps_driver_interfaces/msg/GpsMsg.idl
-- Installing: /home/parallels/Desktop/EECE5554/LAB1/lab1_ws/install/gps_driver_interfaces/share/gps_driver_interfaces/msg/GpsMsg.msg
-- Installing: /home/parallels/Desktop/EECE5554/LAB1/lab1_ws/install/gps_driver_interfaces/share/ament_index/resource_index/package_run_dependencies/gps_driver_interfaces
-- Installing: /home/parallels/Desktop/EECE5554/LAB1/lab1_ws/install/gps_driver_interfaces/share/ament_index/resource_index/parent_prefix_path/gps_driver_interfaces
-- Installing: /home/parallels/Desktop/EECE5554/LAB1/lab1_ws/install/gps_driver_interfaces/share/gps_driver_interfaces/environment/ament_prefix_path.sh
-- Installing: /home/parallels/Desktop/EECE5554/LAB1/lab1_ws/install/gps_driver_interfaces/share/gps_driver_interfaces/environment/ament_prefix_path.dsv
-- Installing: /home/parallels/Desktop/EECE5554/LAB1/lab1_ws/install/gps_driver_interfaces/share/gps_driver_interfaces/environment/path.sh
-- Installing: /home/parallels/Desktop/EECE5554/LAB1/lab1_ws/install/gps_driver_interfaces/share/gps_driver_interfaces/environment/path.dsv
-- Installing: /home/parallels/Desktop/EECE5554/LAB1/lab1_ws/install/gps_driver_interfaces/share/gps_driver_interfaces/local_setup.bash
-- Installing: /home/parallels/Desktop/EECE5554/LAB1/lab1_ws/install/gps_driver_interfaces/share/gps_driver_interfaces/local_setup.sh
-- Installing: /home/parallels/Desktop/EECE5554/LAB1/lab1_ws/install/gps_driver_interfaces/share/gps_driver_interfaces/local_setup.zsh
-- Installing: /home/parallels/Desktop/EECE5554/LAB1/lab1_ws/install/gps_driver_interfaces/share/gps_driver_interfaces/local_setup.dsv
-- Installing: /home/parallels/Desktop/EECE5554/LAB1/lab1_ws/install/gps_driver_interfaces/share/gps_driver_interfaces/package.dsv
-- Installing: /home/parallels/Desktop/EECE5554/LAB1/lab1_ws/install/gps_driver_interfaces/share/ament_index/resource_index/packages/gps_driver_interfaces
-- Installing: /home/parallels/Desktop/EECE5554/LAB1/lab1_ws/install/gps_driver_interfaces/share/gps_driver_interfaces/cmake/export_gps_driver_interfaces__rosidl_generator_cExport.cmake
-- Installing: /home/parallels/Desktop/EECE5554/LAB1/lab1_ws/install/gps_driver_interfaces/share/gps_driver_interfaces/cmake/export_gps_driver_interfaces__rosidl_generator_cExport-noconfig.cmake
-- Installing: /home/parallels/Desktop/EECE5554/LAB1/lab1_ws/install/gps_driver_interfaces/share/gps_driver_interfaces/cmake/export_gps_driver_interfaces__rosidl_typesupport_fastrtps_cExport.cmake
-- Installing: /home/parallels/Desktop/EECE5554/LAB1/lab1_ws/install/gps_driver_interfaces/share/gps_driver_interfaces/cmake/export_gps_driver_interfaces__rosidl_typesupport_fastrtps_cExport-noconfig.cmake
-- Installing: /home/parallels/Desktop/EECE5554/LAB1/lab1_ws/install/gps_driver_interfaces/share/gps_driver_interfaces/cmake/gps_driver_interfaces__rosidl_typesupport_introspection_cExport.cmake
-- Installing: /home/parallels/Desktop/EECE5554/LAB1/lab1_ws/install/gps_driver_interfaces/share/gps_driver_interfaces/cmake/gps_driver_interfaces__rosidl_typesupport_introspection_cExport-noconfig.cmake
-- Installing: /home/parallels/Desktop/EECE5554/LAB1/lab1_ws/install/gps_driver_interfaces/share/gps_driver_interfaces/cmake/gps_driver_interfaces__rosidl_typesupport_cExport.cmake
-- Installing: /home/parallels/Desktop/EECE5554/LAB1/lab1_ws/install/gps_driver_interfaces/share/gps_driver_interfaces/cmake/gps_driver_interfaces__rosidl_typesupport_cExport-noconfig.cmake
-- Installing: /home/parallels/Desktop/EECE5554/LAB1/lab1_ws/install/gps_driver_interfaces/share/gps_driver_interfaces/cmake/export_gps_driver_interfaces__rosidl_generator_cppExport.cmake
-- Installing: /home/parallels/Desktop/EECE5554/LAB1/lab1_ws/install/gps_driver_interfaces/share/gps_driver_interfaces/cmake/export_gps_driver_interfaces__rosidl_typesupport_fastrtps_cppExport.cmake
-- Installing: /home/parallels/Desktop/EECE5554/LAB1/lab1_ws/install/gps_driver_interfaces/share/gps_driver_interfaces/cmake/export_gps_driver_interfaces__rosidl_typesupport_fastrtps_cppExport-noconfig.cmake
-- Installing: /home/parallels/Desktop/EECE5554/LAB1/lab1_ws/install/gps_driver_interfaces/share/gps_driver_interfaces/cmake/gps_driver_interfaces__rosidl_typesupport_introspection_cppExport.cmake
-- Installing: /home/parallels/Desktop/EECE5554/LAB1/lab1_ws/install/gps_driver_interfaces/share/gps_driver_interfaces/cmake/gps_driver_interfaces__rosidl_typesupport_introspection_cppExport-noconfig.cmake
-- Installing: /home/parallels/Desktop/EECE5554/LAB1/lab1_ws/install/gps_driver_interfaces/share/gps_driver_interfaces/cmake/gps_driver_interfaces__rosidl_typesupport_cppExport.cmake
-- Installing: /home/parallels/Desktop/EECE5554/LAB1/lab1_ws/install/gps_driver_interfaces/share/gps_driver_interfaces/cmake/gps_driver_interfaces__rosidl_typesupport_cppExport-noconfig.cmake
-- Installing: /home/parallels/Desktop/EECE5554/LAB1/lab1_ws/install/gps_driver_interfaces/share/gps_driver_interfaces/cmake/export_gps_driver_interfaces__rosidl_generator_pyExport.cmake
-- Installing: /home/parallels/Desktop/EECE5554/LAB1/lab1_ws/install/gps_driver_interfaces/share/gps_driver_interfaces/cmake/export_gps_driver_interfaces__rosidl_generator_pyExport-noconfig.cmake
-- Installing: /home/parallels/Desktop/EECE5554/LAB1/lab1_ws/install/gps_driver_interfaces/share/gps_driver_interfaces/cmake/rosidl_cmake-extras.cmake
-- Installing: /home/parallels/Desktop/EECE5554/LAB1/lab1_ws/install/gps_driver_interfaces/share/gps_driver_interfaces/cmake/ament_cmake_export_dependencies-extras.cmake
-- Installing: /home/parallels/Desktop/EECE5554/LAB1/lab1_ws/install/gps_driver_interfaces/share/gps_driver_interfaces/cmake/ament_cmake_export_include_directories-extras.cmake
-- Installing: /home/parallels/Desktop/EECE5554/LAB1/lab1_ws/install/gps_driver_interfaces/share/gps_driver_interfaces/cmake/ament_cmake_export_libraries-extras.cmake
-- Installing: /home/parallels/Desktop/EECE5554/LAB1/lab1_ws/install/gps_driver_interfaces/share/gps_driver_interfaces/cmake/ament_cmake_export_targets-extras.cmake
-- Installing: /home/parallels/Desktop/EECE5554/LAB1/lab1_ws/install/gps_driver_interfaces/share/gps_driver_interfaces/cmake/rosidl_cmake_export_typesupport_targets-extras.cmake
-- Installing: /home/parallels/Desktop/EECE5554/LAB1/lab1_ws/install/gps_driver_interfaces/share/gps_driver_interfaces/cmake/rosidl_cmake_export_typesupport_libraries-extras.cmake
-- Installing: /home/parallels/Desktop/EECE5554/LAB1/lab1_ws/install/gps_driver_interfaces/share/gps_driver_interfaces/cmake/gps_driver_interfacesConfig.cmake
-- Installing: /home/parallels/Desktop/EECE5554/LAB1/lab1_ws/install/gps_driver_interfaces/share/gps_driver_interfaces/cmake/gps_driver_interfacesConfig-version.cmake
-- Installing: /home/parallels/Desktop/EECE5554/LAB1/lab1_ws/install/gps_driver_interfaces/share/gps_driver_interfaces/package.xml
