[0.007s] Invoking command in '/home/parallels/Desktop/EECE5554/LAB1/lab1_ws/build/gps_driver_interfaces': CMAKE_PREFIX_PATH=${CMAKE_PREFIX_PATH}:/opt/ros/jazzy DEBUGINFOD_URLS=https://debuginfod.ubuntu.com /usr/bin/cmake /home/parallels/Desktop/EECE5554/LAB1/lab1_ws/src/gps_driver_interfaces -DCMAKE_INSTALL_PREFIX=/home/parallels/Desktop/EECE5554/LAB1/lab1_ws/install/gps_driver_interfaces
[0.046s] -- The C compiler identification is GNU 13.3.0
[0.084s] -- The CXX compiler identification is GNU 13.3.0
[0.093s] -- Detecting C compiler ABI info
[0.141s] -- Detecting C compiler ABI info - done
[0.149s] -- Check for working C compiler: /usr/bin/cc - skipped
[0.149s] -- Detecting C compile features
[0.149s] -- Detecting C compile features - done
[0.155s] -- Detecting CXX compiler ABI info
[0.217s] -- Detecting CXX compiler ABI info - done
[0.223s] -- Check for working CXX compiler: /usr/bin/c++ - skipped
[0.223s] -- Detecting CXX compile features
[0.224s] -- Detecting CXX compile features - done
[0.225s] -- Found ament_cmake: 2.5.5 (/opt/ros/jazzy/share/ament_cmake/cmake)
[0.308s] -- Found Python3: /usr/bin/python3 (found version "3.12.3") found components: Interpreter 
[0.365s] -- Found rosidl_default_generators: 1.6.0 (/opt/ros/jazzy/share/rosidl_default_generators/cmake)
[0.367s] -- Using all available rosidl_typesupport_c: rosidl_typesupport_fastrtps_c;rosidl_typesupport_introspection_c
[0.402s] -- Using all available rosidl_typesupport_cpp: rosidl_typesupport_fastrtps_cpp;rosidl_typesupport_introspection_cpp
[0.431s] -- Found rosidl_adapter: 4.6.7 (/opt/ros/jazzy/share/rosidl_adapter/cmake)
[0.433s] -- Found std_msgs: 5.3.6 (/opt/ros/jazzy/share/std_msgs/cmake)
[0.830s] -- Found ament_cmake_ros: 0.12.0 (/opt/ros/jazzy/share/ament_cmake_ros/cmake)
[1.129s] -- Using all available rosidl_typesupport_c: rosidl_typesupport_fastrtps_c;rosidl_typesupport_introspection_c
[1.494s] -- Using all available rosidl_typesupport_cpp: rosidl_typesupport_fastrtps_cpp;rosidl_typesupport_introspection_cpp
[1.496s] -- Found python_cmake_module: 0.11.1 (/opt/ros/jazzy/share/python_cmake_module/cmake)
[1.575s] -- Found PythonExtra: /usr/bin/python3  
[1.832s] -- Found Python3: /usr/bin/python3 (found version "3.12.3") found components: Interpreter Development NumPy Development.Module Development.Embed 
[1.871s] -- Configuring done (1.9s)
[1.894s] -- Generating done (0.0s)
[1.905s] -- Build files have been written to: /home/parallels/Desktop/EECE5554/LAB1/lab1_ws/build/gps_driver_interfaces
[1.912s] Invoked command in '/home/parallels/Desktop/EECE5554/LAB1/lab1_ws/build/gps_driver_interfaces' returned '0': CMAKE_PREFIX_PATH=${CMAKE_PREFIX_PATH}:/opt/ros/jazzy DEBUGINFOD_URLS=https://debuginfod.ubuntu.com /usr/bin/cmake /home/parallels/Desktop/EECE5554/LAB1/lab1_ws/src/gps_driver_interfaces -DCMAKE_INSTALL_PREFIX=/home/parallels/Desktop/EECE5554/LAB1/lab1_ws/install/gps_driver_interfaces
[1.913s] Invoking command in '/home/parallels/Desktop/EECE5554/LAB1/lab1_ws/build/gps_driver_interfaces': CMAKE_PREFIX_PATH=${CMAKE_PREFIX_PATH}:/opt/ros/jazzy DEBUGINFOD_URLS=https://debuginfod.ubuntu.com /usr/bin/cmake --build /home/parallels/Desktop/EECE5554/LAB1/lab1_ws/build/gps_driver_interfaces -- -j2 -l2
[1.940s] [  2%] [34m[1mGenerating type hashes for ROS interfaces[0m
[1.945s] [  2%] Built target ament_cmake_python_copy_gps_driver_interfaces
[2.052s] running egg_info
[2.052s] creating gps_driver_interfaces.egg-info
[2.056s] [  2%] Built target gps_driver_interfaces__rosidl_generator_type_description
[2.061s] writing gps_driver_interfaces.egg-info/PKG-INFO
[2.061s] writing dependency_links to gps_driver_interfaces.egg-info/dependency_links.txt
[2.061s] writing top-level names to gps_driver_interfaces.egg-info/top_level.txt
[2.061s] writing manifest file 'gps_driver_interfaces.egg-info/SOURCES.txt'
[2.067s] [  5%] [34m[1mGenerating C++ code for ROS interfaces[0m
[2.087s] reading manifest file 'gps_driver_interfaces.egg-info/SOURCES.txt'
[2.088s] writing manifest file 'gps_driver_interfaces.egg-info/SOURCES.txt'
[2.102s] [  5%] Built target ament_cmake_python_build_gps_driver_interfaces_egg
[2.108s] [  8%] [34m[1mGenerating C code for ROS interfaces[0m
[2.232s] [  8%] Built target gps_driver_interfaces__cpp
[2.266s] [ 14%] [32mBuilding C object CMakeFiles/gps_driver_interfaces__rosidl_generator_c.dir/rosidl_generator_c/gps_driver_interfaces/msg/detail/gps_msg__functions.c.o[0m
[2.266s] [ 14%] [32mBuilding C object CMakeFiles/gps_driver_interfaces__rosidl_generator_c.dir/rosidl_generator_c/gps_driver_interfaces/msg/detail/gps_msg__description.c.o[0m
[2.314s] [ 17%] [32mBuilding C object CMakeFiles/gps_driver_interfaces__rosidl_generator_c.dir/rosidl_generator_c/gps_driver_interfaces/msg/detail/gps_msg__type_support.c.o[0m
[2.334s] [ 20%] [32m[1mLinking C shared library libgps_driver_interfaces__rosidl_generator_c.so[0m
[2.353s] [ 20%] Built target gps_driver_interfaces__rosidl_generator_c
[2.358s] [ 26%] [34m[1mGenerating C type support for eProsima Fast-RTPS[0m
[2.359s] [ 26%] [34m[1mGenerating C++ type support dispatch for ROS interfaces[0m
[2.479s] [ 29%] [32mBuilding CXX object CMakeFiles/gps_driver_interfaces__rosidl_typesupport_cpp.dir/rosidl_typesupport_cpp/gps_driver_interfaces/msg/gps_msg__type_support.cpp.o[0m
[2.506s] [ 32%] [32mBuilding CXX object CMakeFiles/gps_driver_interfaces__rosidl_typesupport_fastrtps_c.dir/rosidl_typesupport_fastrtps_c/gps_driver_interfaces/msg/detail/gps_msg__type_support_c.cpp.o[0m
[2.706s] [ 35%] [32m[1mLinking CXX shared library libgps_driver_interfaces__rosidl_typesupport_cpp.so[0m
[2.734s] [ 35%] Built target gps_driver_interfaces__rosidl_typesupport_cpp
[2.741s] [ 38%] [34m[1mGenerating C introspection for ROS interfaces[0m
[2.828s] [ 41%] [32m[1mLinking CXX shared library libgps_driver_interfaces__rosidl_typesupport_fastrtps_c.so[0m
[2.876s] [ 41%] Built target gps_driver_interfaces__rosidl_typesupport_fastrtps_c
[2.882s] [ 44%] [34m[1mGenerating C type support dispatch for ROS interfaces[0m
[2.889s] [ 47%] [32mBuilding C object CMakeFiles/gps_driver_interfaces__rosidl_typesupport_introspection_c.dir/rosidl_typesupport_introspection_c/gps_driver_interfaces/msg/detail/gps_msg__type_support.c.o[0m
[2.914s] [ 50%] [32m[1mLinking C shared library libgps_driver_interfaces__rosidl_typesupport_introspection_c.so[0m
[2.935s] [ 50%] Built target gps_driver_interfaces__rosidl_typesupport_introspection_c
[2.940s] [ 52%] [34m[1mGenerating C++ type support for eProsima Fast-RTPS[0m
[3.023s] [ 55%] [32mBuilding CXX object CMakeFiles/gps_driver_interfaces__rosidl_typesupport_c.dir/rosidl_typesupport_c/gps_driver_interfaces/msg/gps_msg__type_support.cpp.o[0m
[3.051s] [ 58%] [32m[1mLinking CXX shared library libgps_driver_interfaces__rosidl_typesupport_c.so[0m
[3.081s] [ 58%] Built target gps_driver_interfaces__rosidl_typesupport_c
[3.085s] [ 61%] [34m[1mGenerating C++ introspection for ROS interfaces[0m
[3.092s] [ 64%] [32mBuilding CXX object CMakeFiles/gps_driver_interfaces__rosidl_typesupport_fastrtps_cpp.dir/rosidl_typesupport_fastrtps_cpp/gps_driver_interfaces/msg/detail/dds_fastrtps/gps_msg__type_support.cpp.o[0m
[3.244s] [ 67%] [32mBuilding CXX object CMakeFiles/gps_driver_interfaces__rosidl_typesupport_introspection_cpp.dir/rosidl_typesupport_introspection_cpp/gps_driver_interfaces/msg/detail/gps_msg__type_support.cpp.o[0m
[3.378s] [ 70%] [32m[1mLinking CXX shared library libgps_driver_interfaces__rosidl_typesupport_fastrtps_cpp.so[0m
[3.427s] [ 70%] Built target gps_driver_interfaces__rosidl_typesupport_fastrtps_cpp
[3.440s] [ 73%] [32m[1mLinking CXX shared library libgps_driver_interfaces__rosidl_typesupport_introspection_cpp.so[0m
[3.479s] [ 73%] Built target gps_driver_interfaces__rosidl_typesupport_introspection_cpp
[3.489s] [ 73%] Built target gps_driver_interfaces
[3.500s] [ 76%] [34m[1mGenerating Python code for ROS interfaces[0m
[3.675s] [ 76%] Built target gps_driver_interfaces__py
[3.685s] [ 79%] [32mBuilding C object CMakeFiles/gps_driver_interfaces__rosidl_generator_py.dir/rosidl_generator_py/gps_driver_interfaces/msg/_gps_msg_s.c.o[0m
[3.785s] [ 82%] [32m[1mLinking C shared library libgps_driver_interfaces__rosidl_generator_py.so[0m
[3.807s] [ 82%] Built target gps_driver_interfaces__rosidl_generator_py
[3.818s] [ 88%] [32mBuilding C object CMakeFiles/gps_driver_interfaces_s__rosidl_typesupport_introspection_c.dir/rosidl_generator_py/gps_driver_interfaces/_gps_driver_interfaces_s.ep.rosidl_typesupport_introspection_c.c.o[0m
[3.818s] [ 88%] [32mBuilding C object CMakeFiles/gps_driver_interfaces_s__rosidl_typesupport_fastrtps_c.dir/rosidl_generator_py/gps_driver_interfaces/_gps_driver_interfaces_s.ep.rosidl_typesupport_fastrtps_c.c.o[0m
[3.885s] [ 91%] [32m[1mLinking C shared module rosidl_generator_py/gps_driver_interfaces/gps_driver_interfaces_s__rosidl_typesupport_fastrtps_c.so[0m
[3.887s] [ 94%] [32m[1mLinking C shared module rosidl_generator_py/gps_driver_interfaces/gps_driver_interfaces_s__rosidl_typesupport_introspection_c.so[0m
[3.902s] [ 94%] Built target gps_driver_interfaces_s__rosidl_typesupport_introspection_c
[3.903s] [ 94%] Built target gps_driver_interfaces_s__rosidl_typesupport_fastrtps_c
[3.912s] [ 97%] [32mBuilding C object CMakeFiles/gps_driver_interfaces_s__rosidl_typesupport_c.dir/rosidl_generator_py/gps_driver_interfaces/_gps_driver_interfaces_s.ep.rosidl_typesupport_c.c.o[0m
[3.970s] [100%] [32m[1mLinking C shared module rosidl_generator_py/gps_driver_interfaces/gps_driver_interfaces_s__rosidl_typesupport_c.so[0m
[3.985s] [100%] Built target gps_driver_interfaces_s__rosidl_typesupport_c
[3.991s] Invoked command in '/home/parallels/Desktop/EECE5554/LAB1/lab1_ws/build/gps_driver_interfaces' returned '0': CMAKE_PREFIX_PATH=${CMAKE_PREFIX_PATH}:/opt/ros/jazzy DEBUGINFOD_URLS=https://debuginfod.ubuntu.com /usr/bin/cmake --build /home/parallels/Desktop/EECE5554/LAB1/lab1_ws/build/gps_driver_interfaces -- -j2 -l2
[3.996s] Invoking command in '/home/parallels/Desktop/EECE5554/LAB1/lab1_ws/build/gps_driver_interfaces': CMAKE_PREFIX_PATH=${CMAKE_PREFIX_PATH}:/opt/ros/jazzy DEBUGINFOD_URLS=https://debuginfod.ubuntu.com /usr/bin/cmake --install /home/parallels/Desktop/EECE5554/LAB1/lab1_ws/build/gps_driver_interfaces
[4.001s] -- Install configuration: ""
[4.001s] -- Installing: /home/parallels/Desktop/EECE5554/LAB1/lab1_ws/install/gps_driver_interfaces/share/ament_index/resource_index/rosidl_interfaces/gps_driver_interfaces
[4.001s] -- Installing: /home/parallels/Desktop/EECE5554/LAB1/lab1_ws/install/gps_driver_interfaces/share/gps_driver_interfaces/msg/GpsMsg.json
[4.002s] -- Installing: /home/parallels/Desktop/EECE5554/LAB1/lab1_ws/install/gps_driver_interfaces/include/gps_driver_interfaces/gps_driver_interfaces
[4.002s] -- Installing: /home/parallels/Desktop/EECE5554/LAB1/lab1_ws/install/gps_driver_interfaces/include/gps_driver_interfaces/gps_driver_interfaces/msg
[4.002s] -- Installing: /home/parallels/Desktop/EECE5554/LAB1/lab1_ws/install/gps_driver_interfaces/include/gps_driver_interfaces/gps_driver_interfaces/msg/rosidl_generator_c__visibility_control.h
[4.002s] -- Installing: /home/parallels/Desktop/EECE5554/LAB1/lab1_ws/install/gps_driver_interfaces/include/gps_driver_interfaces/gps_driver_interfaces/msg/detail
[4.002s] -- Installing: /home/parallels/Desktop/EECE5554/LAB1/lab1_ws/install/gps_driver_interfaces/include/gps_driver_interfaces/gps_driver_interfaces/msg/detail/gps_msg__struct.h
[4.002s] -- Installing: /home/parallels/Desktop/EECE5554/LAB1/lab1_ws/install/gps_driver_interfaces/include/gps_driver_interfaces/gps_driver_interfaces/msg/detail/gps_msg__description.c
[4.002s] -- Installing: /home/parallels/Desktop/EECE5554/LAB1/lab1_ws/install/gps_driver_interfaces/include/gps_driver_interfaces/gps_driver_interfaces/msg/detail/gps_msg__type_support.h
[4.002s] -- Installing: /home/parallels/Desktop/EECE5554/LAB1/lab1_ws/install/gps_driver_interfaces/include/gps_driver_interfaces/gps_driver_interfaces/msg/detail/gps_msg__functions.c
[4.002s] -- Installing: /home/parallels/Desktop/EECE5554/LAB1/lab1_ws/install/gps_driver_interfaces/include/gps_driver_interfaces/gps_driver_interfaces/msg/detail/gps_msg__type_support.c
[4.002s] -- Installing: /home/parallels/Desktop/EECE5554/LAB1/lab1_ws/install/gps_driver_interfaces/include/gps_driver_interfaces/gps_driver_interfaces/msg/detail/gps_msg__functions.h
[4.002s] -- Installing: /home/parallels/Desktop/EECE5554/LAB1/lab1_ws/install/gps_driver_interfaces/include/gps_driver_interfaces/gps_driver_interfaces/msg/gps_msg.h
[4.003s] -- Installing: /home/parallels/Desktop/EECE5554/LAB1/lab1_ws/install/gps_driver_interfaces/share/gps_driver_interfaces/environment/library_path.sh
[4.003s] -- Installing: /home/parallels/Desktop/EECE5554/LAB1/lab1_ws/install/gps_driver_interfaces/share/gps_driver_interfaces/environment/library_path.dsv
[4.003s] -- Installing: /home/parallels/Desktop/EECE5554/LAB1/lab1_ws/install/gps_driver_interfaces/lib/libgps_driver_interfaces__rosidl_generator_c.so
[4.003s] -- Set non-toolchain portion of runtime path of "/home/parallels/Desktop/EECE5554/LAB1/lab1_ws/install/gps_driver_interfaces/lib/libgps_driver_interfaces__rosidl_generator_c.so" to ""
[4.003s] -- Up-to-date: /home/parallels/Desktop/EECE5554/LAB1/lab1_ws/install/gps_driver_interfaces/include/gps_driver_interfaces/gps_driver_interfaces
[4.003s] -- Up-to-date: /home/parallels/Desktop/EECE5554/LAB1/lab1_ws/install/gps_driver_interfaces/include/gps_driver_interfaces/gps_driver_interfaces/msg
[4.003s] -- Up-to-date: /home/parallels/Desktop/EECE5554/LAB1/lab1_ws/install/gps_driver_interfaces/include/gps_driver_interfaces/gps_driver_interfaces/msg/detail
[4.003s] -- Installing: /home/parallels/Desktop/EECE5554/LAB1/lab1_ws/install/gps_driver_interfaces/include/gps_driver_interfaces/gps_driver_interfaces/msg/detail/gps_msg__rosidl_typesupport_fastrtps_c.h
[4.003s] -- Installing: /home/parallels/Desktop/EECE5554/LAB1/lab1_ws/install/gps_driver_interfaces/include/gps_driver_interfaces/gps_driver_interfaces/msg/rosidl_typesupport_fastrtps_c__visibility_control.h
[4.003s] -- Installing: /home/parallels/Desktop/EECE5554/LAB1/lab1_ws/install/gps_driver_interfaces/lib/libgps_driver_interfaces__rosidl_typesupport_fastrtps_c.so
[4.003s] -- Set non-toolchain portion of runtime path of "/home/parallels/Desktop/EECE5554/LAB1/lab1_ws/install/gps_driver_interfaces/lib/libgps_driver_interfaces__rosidl_typesupport_fastrtps_c.so" to ""
[4.003s] -- Up-to-date: /home/parallels/Desktop/EECE5554/LAB1/lab1_ws/install/gps_driver_interfaces/include/gps_driver_interfaces/gps_driver_interfaces
[4.003s] -- Up-to-date: /home/parallels/Desktop/EECE5554/LAB1/lab1_ws/install/gps_driver_interfaces/include/gps_driver_interfaces/gps_driver_interfaces/msg
[4.003s] -- Up-to-date: /home/parallels/Desktop/EECE5554/LAB1/lab1_ws/install/gps_driver_interfaces/include/gps_driver_interfaces/gps_driver_interfaces/msg/detail
[4.003s] -- Installing: /home/parallels/Desktop/EECE5554/LAB1/lab1_ws/install/gps_driver_interfaces/include/gps_driver_interfaces/gps_driver_interfaces/msg/detail/gps_msg__rosidl_typesupport_introspection_c.h
[4.004s] -- Installing: /home/parallels/Desktop/EECE5554/LAB1/lab1_ws/install/gps_driver_interfaces/include/gps_driver_interfaces/gps_driver_interfaces/msg/detail/gps_msg__type_support.c
[4.005s] -- Installing: /home/parallels/Desktop/EECE5554/LAB1/lab1_ws/install/gps_driver_interfaces/include/gps_driver_interfaces/gps_driver_interfaces/msg/rosidl_typesupport_introspection_c__visibility_control.h
[4.005s] -- Installing: /home/parallels/Desktop/EECE5554/LAB1/lab1_ws/install/gps_driver_interfaces/lib/libgps_driver_interfaces__rosidl_typesupport_introspection_c.so
[4.005s] -- Set non-toolchain portion of runtime path of "/home/parallels/Desktop/EECE5554/LAB1/lab1_ws/install/gps_driver_interfaces/lib/libgps_driver_interfaces__rosidl_typesupport_introspection_c.so" to ""
[4.005s] -- Installing: /home/parallels/Desktop/EECE5554/LAB1/lab1_ws/install/gps_driver_interfaces/lib/libgps_driver_interfaces__rosidl_typesupport_c.so
[4.005s] -- Set non-toolchain portion of runtime path of "/home/parallels/Desktop/EECE5554/LAB1/lab1_ws/install/gps_driver_interfaces/lib/libgps_driver_interfaces__rosidl_typesupport_c.so" to ""
[4.005s] -- Up-to-date: /home/parallels/Desktop/EECE5554/LAB1/lab1_ws/install/gps_driver_interfaces/include/gps_driver_interfaces/gps_driver_interfaces
[4.005s] -- Up-to-date: /home/parallels/Desktop/EECE5554/LAB1/lab1_ws/install/gps_driver_interfaces/include/gps_driver_interfaces/gps_driver_interfaces/msg
[4.005s] -- Up-to-date: /home/parallels/Desktop/EECE5554/LAB1/lab1_ws/install/gps_driver_interfaces/include/gps_driver_interfaces/gps_driver_interfaces/msg/detail
[4.006s] -- Installing: /home/parallels/Desktop/EECE5554/LAB1/lab1_ws/install/gps_driver_interfaces/include/gps_driver_interfaces/gps_driver_interfaces/msg/detail/gps_msg__builder.hpp
[4.006s] -- Installing: /home/parallels/Desktop/EECE5554/LAB1/lab1_ws/install/gps_driver_interfaces/include/gps_driver_interfaces/gps_driver_interfaces/msg/detail/gps_msg__traits.hpp
[4.006s] -- Installing: /home/parallels/Desktop/EECE5554/LAB1/lab1_ws/install/gps_driver_interfaces/include/gps_driver_interfaces/gps_driver_interfaces/msg/detail/gps_msg__struct.hpp
[4.006s] -- Installing: /home/parallels/Desktop/EECE5554/LAB1/lab1_ws/install/gps_driver_interfaces/include/gps_driver_interfaces/gps_driver_interfaces/msg/detail/gps_msg__type_support.hpp
[4.006s] -- Installing: /home/parallels/Desktop/EECE5554/LAB1/lab1_ws/install/gps_driver_interfaces/include/gps_driver_interfaces/gps_driver_interfaces/msg/gps_msg.hpp
[4.006s] -- Installing: /home/parallels/Desktop/EECE5554/LAB1/lab1_ws/install/gps_driver_interfaces/include/gps_driver_interfaces/gps_driver_interfaces/msg/rosidl_generator_cpp__visibility_control.hpp
[4.006s] -- Up-to-date: /home/parallels/Desktop/EECE5554/LAB1/lab1_ws/install/gps_driver_interfaces/include/gps_driver_interfaces/gps_driver_interfaces
[4.006s] -- Up-to-date: /home/parallels/Desktop/EECE5554/LAB1/lab1_ws/install/gps_driver_interfaces/include/gps_driver_interfaces/gps_driver_interfaces/msg
[4.007s] -- Installing: /home/parallels/Desktop/EECE5554/LAB1/lab1_ws/install/gps_driver_interfaces/include/gps_driver_interfaces/gps_driver_interfaces/msg/rosidl_typesupport_fastrtps_cpp__visibility_control.h
[4.007s] -- Up-to-date: /home/parallels/Desktop/EECE5554/LAB1/lab1_ws/install/gps_driver_interfaces/include/gps_driver_interfaces/gps_driver_interfaces/msg/detail
[4.007s] -- Installing: /home/parallels/Desktop/EECE5554/LAB1/lab1_ws/install/gps_driver_interfaces/include/gps_driver_interfaces/gps_driver_interfaces/msg/detail/dds_fastrtps
[4.007s] -- Installing: /home/parallels/Desktop/EECE5554/LAB1/lab1_ws/install/gps_driver_interfaces/include/gps_driver_interfaces/gps_driver_interfaces/msg/detail/gps_msg__rosidl_typesupport_fastrtps_cpp.hpp
[4.007s] -- Installing: /home/parallels/Desktop/EECE5554/LAB1/lab1_ws/install/gps_driver_interfaces/lib/libgps_driver_interfaces__rosidl_typesupport_fastrtps_cpp.so
[4.008s] -- Set non-toolchain portion of runtime path of "/home/parallels/Desktop/EECE5554/LAB1/lab1_ws/install/gps_driver_interfaces/lib/libgps_driver_interfaces__rosidl_typesupport_fastrtps_cpp.so" to ""
[4.008s] -- Up-to-date: /home/parallels/Desktop/EECE5554/LAB1/lab1_ws/install/gps_driver_interfaces/include/gps_driver_interfaces/gps_driver_interfaces
[4.008s] -- Up-to-date: /home/parallels/Desktop/EECE5554/LAB1/lab1_ws/install/gps_driver_interfaces/include/gps_driver_interfaces/gps_driver_interfaces/msg
[4.008s] -- Up-to-date: /home/parallels/Desktop/EECE5554/LAB1/lab1_ws/install/gps_driver_interfaces/include/gps_driver_interfaces/gps_driver_interfaces/msg/detail
[4.008s] -- Installing: /home/parallels/Desktop/EECE5554/LAB1/lab1_ws/install/gps_driver_interfaces/include/gps_driver_interfaces/gps_driver_interfaces/msg/detail/gps_msg__type_support.cpp
[4.008s] -- Installing: /home/parallels/Desktop/EECE5554/LAB1/lab1_ws/install/gps_driver_interfaces/include/gps_driver_interfaces/gps_driver_interfaces/msg/detail/gps_msg__rosidl_typesupport_introspection_cpp.hpp
[4.008s] -- Installing: /home/parallels/Desktop/EECE5554/LAB1/lab1_ws/install/gps_driver_interfaces/lib/libgps_driver_interfaces__rosidl_typesupport_introspection_cpp.so
[4.008s] -- Set non-toolchain portion of runtime path of "/home/parallels/Desktop/EECE5554/LAB1/lab1_ws/install/gps_driver_interfaces/lib/libgps_driver_interfaces__rosidl_typesupport_introspection_cpp.so" to ""
[4.008s] -- Installing: /home/parallels/Desktop/EECE5554/LAB1/lab1_ws/install/gps_driver_interfaces/lib/libgps_driver_interfaces__rosidl_typesupport_cpp.so
[4.008s] -- Set non-toolchain portion of runtime path of "/home/parallels/Desktop/EECE5554/LAB1/lab1_ws/install/gps_driver_interfaces/lib/libgps_driver_interfaces__rosidl_typesupport_cpp.so" to ""
[4.008s] -- Installing: /home/parallels/Desktop/EECE5554/LAB1/lab1_ws/install/gps_driver_interfaces/share/gps_driver_interfaces/environment/pythonpath.sh
[4.008s] -- Installing: /home/parallels/Desktop/EECE5554/LAB1/lab1_ws/install/gps_driver_interfaces/share/gps_driver_interfaces/environment/pythonpath.dsv
[4.009s] -- Installing: /home/parallels/Desktop/EECE5554/LAB1/lab1_ws/install/gps_driver_interfaces/lib/python3.12/site-packages/gps_driver_interfaces-0.0.0-py3.12.egg-info
[4.009s] -- Installing: /home/parallels/Desktop/EECE5554/LAB1/lab1_ws/install/gps_driver_interfaces/lib/python3.12/site-packages/gps_driver_interfaces-0.0.0-py3.12.egg-info/PKG-INFO
[4.009s] -- Installing: /home/parallels/Desktop/EECE5554/LAB1/lab1_ws/install/gps_driver_interfaces/lib/python3.12/site-packages/gps_driver_interfaces-0.0.0-py3.12.egg-info/top_level.txt
[4.009s] -- Installing: /home/parallels/Desktop/EECE5554/LAB1/lab1_ws/install/gps_driver_interfaces/lib/python3.12/site-packages/gps_driver_interfaces-0.0.0-py3.12.egg-info/dependency_links.txt
[4.009s] -- Installing: /home/parallels/Desktop/EECE5554/LAB1/lab1_ws/install/gps_driver_interfaces/lib/python3.12/site-packages/gps_driver_interfaces-0.0.0-py3.12.egg-info/SOURCES.txt
[4.009s] -- Installing: /home/parallels/Desktop/EECE5554/LAB1/lab1_ws/install/gps_driver_interfaces/lib/python3.12/site-packages/gps_driver_interfaces
[4.009s] -- Installing: /home/parallels/Desktop/EECE5554/LAB1/lab1_ws/install/gps_driver_interfaces/lib/python3.12/site-packages/gps_driver_interfaces/_gps_driver_interfaces_s.ep.rosidl_typesupport_introspection_c.c
[4.009s] -- Installing: /home/parallels/Desktop/EECE5554/LAB1/lab1_ws/install/gps_driver_interfaces/lib/python3.12/site-packages/gps_driver_interfaces/_gps_driver_interfaces_s.ep.rosidl_typesupport_fastrtps_c.c
[4.009s] -- Installing: /home/parallels/Desktop/EECE5554/LAB1/lab1_ws/install/gps_driver_interfaces/lib/python3.12/site-packages/gps_driver_interfaces/gps_driver_interfaces_s__rosidl_typesupport_c.so
[4.009s] -- Installing: /home/parallels/Desktop/EECE5554/LAB1/lab1_ws/install/gps_driver_interfaces/lib/python3.12/site-packages/gps_driver_interfaces/msg
[4.009s] -- Installing: /home/parallels/Desktop/EECE5554/LAB1/lab1_ws/install/gps_driver_interfaces/lib/python3.12/site-packages/gps_driver_interfaces/msg/_gps_msg_s.c
[4.009s] -- Installing: /home/parallels/Desktop/EECE5554/LAB1/lab1_ws/install/gps_driver_interfaces/lib/python3.12/site-packages/gps_driver_interfaces/msg/_gps_msg.py
[4.009s] -- Installing: /home/parallels/Desktop/EECE5554/LAB1/lab1_ws/install/gps_driver_interfaces/lib/python3.12/site-packages/gps_driver_interfaces/msg/__init__.py
[4.010s] -- Installing: /home/parallels/Desktop/EECE5554/LAB1/lab1_ws/install/gps_driver_interfaces/lib/python3.12/site-packages/gps_driver_interfaces/gps_driver_interfaces_s__rosidl_typesupport_introspection_c.so
[4.010s] -- Installing: /home/parallels/Desktop/EECE5554/LAB1/lab1_ws/install/gps_driver_interfaces/lib/python3.12/site-packages/gps_driver_interfaces/__init__.py
[4.010s] -- Installing: /home/parallels/Desktop/EECE5554/LAB1/lab1_ws/install/gps_driver_interfaces/lib/python3.12/site-packages/gps_driver_interfaces/gps_driver_interfaces_s__rosidl_typesupport_fastrtps_c.so
[4.010s] -- Installing: /home/parallels/Desktop/EECE5554/LAB1/lab1_ws/install/gps_driver_interfaces/lib/python3.12/site-packages/gps_driver_interfaces/_gps_driver_interfaces_s.ep.rosidl_typesupport_c.c
[4.033s] Listing '/home/parallels/Desktop/EECE5554/LAB1/lab1_ws/install/gps_driver_interfaces/lib/python3.12/site-packages/gps_driver_interfaces'...
[4.033s] Compiling '/home/parallels/Desktop/EECE5554/LAB1/lab1_ws/install/gps_driver_interfaces/lib/python3.12/site-packages/gps_driver_interfaces/__init__.py'...
[4.033s] Listing '/home/parallels/Desktop/EECE5554/LAB1/lab1_ws/install/gps_driver_interfaces/lib/python3.12/site-packages/gps_driver_interfaces/msg'...
[4.033s] Compiling '/home/parallels/Desktop/EECE5554/LAB1/lab1_ws/install/gps_driver_interfaces/lib/python3.12/site-packages/gps_driver_interfaces/msg/__init__.py'...
[4.033s] Compiling '/home/parallels/Desktop/EECE5554/LAB1/lab1_ws/install/gps_driver_interfaces/lib/python3.12/site-packages/gps_driver_interfaces/msg/_gps_msg.py'...
[4.037s] -- Installing: /home/parallels/Desktop/EECE5554/LAB1/lab1_ws/install/gps_driver_interfaces/lib/python3.12/site-packages/gps_driver_interfaces/gps_driver_interfaces_s__rosidl_typesupport_fastrtps_c.so
[4.037s] -- Set non-toolchain portion of runtime path of "/home/parallels/Desktop/EECE5554/LAB1/lab1_ws/install/gps_driver_interfaces/lib/python3.12/site-packages/gps_driver_interfaces/gps_driver_interfaces_s__rosidl_typesupport_fastrtps_c.so" to ""
[4.037s] -- Installing: /home/parallels/Desktop/EECE5554/LAB1/lab1_ws/install/gps_driver_interfaces/lib/python3.12/site-packages/gps_driver_interfaces/gps_driver_interfaces_s__rosidl_typesupport_introspection_c.so
[4.037s] -- Set non-toolchain portion of runtime path of "/home/parallels/Desktop/EECE5554/LAB1/lab1_ws/install/gps_driver_interfaces/lib/python3.12/site-packages/gps_driver_interfaces/gps_driver_interfaces_s__rosidl_typesupport_introspection_c.so" to ""
[4.037s] -- Installing: /home/parallels/Desktop/EECE5554/LAB1/lab1_ws/install/gps_driver_interfaces/lib/python3.12/site-packages/gps_driver_interfaces/gps_driver_interfaces_s__rosidl_typesupport_c.so
[4.038s] -- Set non-toolchain portion of runtime path of "/home/parallels/Desktop/EECE5554/LAB1/lab1_ws/install/gps_driver_interfaces/lib/python3.12/site-packages/gps_driver_interfaces/gps_driver_interfaces_s__rosidl_typesupport_c.so" to ""
[4.038s] -- Installing: /home/parallels/Desktop/EECE5554/LAB1/lab1_ws/install/gps_driver_interfaces/lib/libgps_driver_interfaces__rosidl_generator_py.so
[4.038s] -- Set non-toolchain portion of runtime path of "/home/parallels/Desktop/EECE5554/LAB1/lab1_ws/install/gps_driver_interfaces/lib/libgps_driver_interfaces__rosidl_generator_py.so" to ""
[4.038s] -- Installing: /home/parallels/Desktop/EECE5554/LAB1/lab1_ws/install/gps_driver_interfaces/share/gps_driver_interfaces/msg/GpsMsg.idl
[4.038s] -- Installing: /home/parallels/Desktop/EECE5554/LAB1/lab1_ws/install/gps_driver_interfaces/share/gps_driver_interfaces/msg/GpsMsg.msg
[4.038s] -- Installing: /home/parallels/Desktop/EECE5554/LAB1/lab1_ws/install/gps_driver_interfaces/share/ament_index/resource_index/package_run_dependencies/gps_driver_interfaces
[4.038s] -- Installing: /home/parallels/Desktop/EECE5554/LAB1/lab1_ws/install/gps_driver_interfaces/share/ament_index/resource_index/parent_prefix_path/gps_driver_interfaces
[4.038s] -- Installing: /home/parallels/Desktop/EECE5554/LAB1/lab1_ws/install/gps_driver_interfaces/share/gps_driver_interfaces/environment/ament_prefix_path.sh
[4.038s] -- Installing: /home/parallels/Desktop/EECE5554/LAB1/lab1_ws/install/gps_driver_interfaces/share/gps_driver_interfaces/environment/ament_prefix_path.dsv
[4.038s] -- Installing: /home/parallels/Desktop/EECE5554/LAB1/lab1_ws/install/gps_driver_interfaces/share/gps_driver_interfaces/environment/path.sh
[4.039s] -- Installing: /home/parallels/Desktop/EECE5554/LAB1/lab1_ws/install/gps_driver_interfaces/share/gps_driver_interfaces/environment/path.dsv
[4.039s] -- Installing: /home/parallels/Desktop/EECE5554/LAB1/lab1_ws/install/gps_driver_interfaces/share/gps_driver_interfaces/local_setup.bash
[4.039s] -- Installing: /home/parallels/Desktop/EECE5554/LAB1/lab1_ws/install/gps_driver_interfaces/share/gps_driver_interfaces/local_setup.sh
[4.039s] -- Installing: /home/parallels/Desktop/EECE5554/LAB1/lab1_ws/install/gps_driver_interfaces/share/gps_driver_interfaces/local_setup.zsh
[4.039s] -- Installing: /home/parallels/Desktop/EECE5554/LAB1/lab1_ws/install/gps_driver_interfaces/share/gps_driver_interfaces/local_setup.dsv
[4.039s] -- Installing: /home/parallels/Desktop/EECE5554/LAB1/lab1_ws/install/gps_driver_interfaces/share/gps_driver_interfaces/package.dsv
[4.039s] -- Installing: /home/parallels/Desktop/EECE5554/LAB1/lab1_ws/install/gps_driver_interfaces/share/ament_index/resource_index/packages/gps_driver_interfaces
[4.039s] -- Installing: /home/parallels/Desktop/EECE5554/LAB1/lab1_ws/install/gps_driver_interfaces/share/gps_driver_interfaces/cmake/export_gps_driver_interfaces__rosidl_generator_cExport.cmake
[4.039s] -- Installing: /home/parallels/Desktop/EECE5554/LAB1/lab1_ws/install/gps_driver_interfaces/share/gps_driver_interfaces/cmake/export_gps_driver_interfaces__rosidl_generator_cExport-noconfig.cmake
[4.039s] -- Installing: /home/parallels/Desktop/EECE5554/LAB1/lab1_ws/install/gps_driver_interfaces/share/gps_driver_interfaces/cmake/export_gps_driver_interfaces__rosidl_typesupport_fastrtps_cExport.cmake
[4.039s] -- Installing: /home/parallels/Desktop/EECE5554/LAB1/lab1_ws/install/gps_driver_interfaces/share/gps_driver_interfaces/cmake/export_gps_driver_interfaces__rosidl_typesupport_fastrtps_cExport-noconfig.cmake
[4.040s] -- Installing: /home/parallels/Desktop/EECE5554/LAB1/lab1_ws/install/gps_driver_interfaces/share/gps_driver_interfaces/cmake/gps_driver_interfaces__rosidl_typesupport_introspection_cExport.cmake
[4.040s] -- Installing: /home/parallels/Desktop/EECE5554/LAB1/lab1_ws/install/gps_driver_interfaces/share/gps_driver_interfaces/cmake/gps_driver_interfaces__rosidl_typesupport_introspection_cExport-noconfig.cmake
[4.040s] -- Installing: /home/parallels/Desktop/EECE5554/LAB1/lab1_ws/install/gps_driver_interfaces/share/gps_driver_interfaces/cmake/gps_driver_interfaces__rosidl_typesupport_cExport.cmake
[4.040s] -- Installing: /home/parallels/Desktop/EECE5554/LAB1/lab1_ws/install/gps_driver_interfaces/share/gps_driver_interfaces/cmake/gps_driver_interfaces__rosidl_typesupport_cExport-noconfig.cmake
[4.040s] -- Installing: /home/parallels/Desktop/EECE5554/LAB1/lab1_ws/install/gps_driver_interfaces/share/gps_driver_interfaces/cmake/export_gps_driver_interfaces__rosidl_generator_cppExport.cmake
[4.040s] -- Installing: /home/parallels/Desktop/EECE5554/LAB1/lab1_ws/install/gps_driver_interfaces/share/gps_driver_interfaces/cmake/export_gps_driver_interfaces__rosidl_typesupport_fastrtps_cppExport.cmake
[4.040s] -- Installing: /home/parallels/Desktop/EECE5554/LAB1/lab1_ws/install/gps_driver_interfaces/share/gps_driver_interfaces/cmake/export_gps_driver_interfaces__rosidl_typesupport_fastrtps_cppExport-noconfig.cmake
[4.040s] -- Installing: /home/parallels/Desktop/EECE5554/LAB1/lab1_ws/install/gps_driver_interfaces/share/gps_driver_interfaces/cmake/gps_driver_interfaces__rosidl_typesupport_introspection_cppExport.cmake
[4.040s] -- Installing: /home/parallels/Desktop/EECE5554/LAB1/lab1_ws/install/gps_driver_interfaces/share/gps_driver_interfaces/cmake/gps_driver_interfaces__rosidl_typesupport_introspection_cppExport-noconfig.cmake
[4.041s] -- Installing: /home/parallels/Desktop/EECE5554/LAB1/lab1_ws/install/gps_driver_interfaces/share/gps_driver_interfaces/cmake/gps_driver_interfaces__rosidl_typesupport_cppExport.cmake
[4.041s] -- Installing: /home/parallels/Desktop/EECE5554/LAB1/lab1_ws/install/gps_driver_interfaces/share/gps_driver_interfaces/cmake/gps_driver_interfaces__rosidl_typesupport_cppExport-noconfig.cmake
[4.041s] -- Installing: /home/parallels/Desktop/EECE5554/LAB1/lab1_ws/install/gps_driver_interfaces/share/gps_driver_interfaces/cmake/export_gps_driver_interfaces__rosidl_generator_pyExport.cmake
[4.041s] -- Installing: /home/parallels/Desktop/EECE5554/LAB1/lab1_ws/install/gps_driver_interfaces/share/gps_driver_interfaces/cmake/export_gps_driver_interfaces__rosidl_generator_pyExport-noconfig.cmake
[4.041s] -- Installing: /home/parallels/Desktop/EECE5554/LAB1/lab1_ws/install/gps_driver_interfaces/share/gps_driver_interfaces/cmake/rosidl_cmake-extras.cmake
[4.041s] -- Installing: /home/parallels/Desktop/EECE5554/LAB1/lab1_ws/install/gps_driver_interfaces/share/gps_driver_interfaces/cmake/ament_cmake_export_dependencies-extras.cmake
[4.041s] -- Installing: /home/parallels/Desktop/EECE5554/LAB1/lab1_ws/install/gps_driver_interfaces/share/gps_driver_interfaces/cmake/ament_cmake_export_include_directories-extras.cmake
[4.041s] -- Installing: /home/parallels/Desktop/EECE5554/LAB1/lab1_ws/install/gps_driver_interfaces/share/gps_driver_interfaces/cmake/ament_cmake_export_libraries-extras.cmake
[4.041s] -- Installing: /home/parallels/Desktop/EECE5554/LAB1/lab1_ws/install/gps_driver_interfaces/share/gps_driver_interfaces/cmake/ament_cmake_export_targets-extras.cmake
[4.041s] -- Installing: /home/parallels/Desktop/EECE5554/LAB1/lab1_ws/install/gps_driver_interfaces/share/gps_driver_interfaces/cmake/rosidl_cmake_export_typesupport_targets-extras.cmake
[4.041s] -- Installing: /home/parallels/Desktop/EECE5554/LAB1/lab1_ws/install/gps_driver_interfaces/share/gps_driver_interfaces/cmake/rosidl_cmake_export_typesupport_libraries-extras.cmake
[4.041s] -- Installing: /home/parallels/Desktop/EECE5554/LAB1/lab1_ws/install/gps_driver_interfaces/share/gps_driver_interfaces/cmake/gps_driver_interfacesConfig.cmake
[4.041s] -- Installing: /home/parallels/Desktop/EECE5554/LAB1/lab1_ws/install/gps_driver_interfaces/share/gps_driver_interfaces/cmake/gps_driver_interfacesConfig-version.cmake
[4.041s] -- Installing: /home/parallels/Desktop/EECE5554/LAB1/lab1_ws/install/gps_driver_interfaces/share/gps_driver_interfaces/package.xml
[4.043s] Invoked command in '/home/parallels/Desktop/EECE5554/LAB1/lab1_ws/build/gps_driver_interfaces' returned '0': CMAKE_PREFIX_PATH=${CMAKE_PREFIX_PATH}:/opt/ros/jazzy DEBUGINFOD_URLS=https://debuginfod.ubuntu.com /usr/bin/cmake --install /home/parallels/Desktop/EECE5554/LAB1/lab1_ws/build/gps_driver_interfaces
